2026-05-01 02:32:40	ERROR	listen tcp 127.0.0.1:9870: bind: address already in use
github.com/azhai/allgo/logutil.Error
	/Users/ryan/gopath/pkg/mod/github.com/azhai/allgo@v0.0.4/logutil/singleton.go:40
main.main
	/Users/ryan/projects/bingwp/main.go:90
runtime.main
	/usr/local/go/src/runtime/proc.go:290
2026-05-01 02:32:42	ERROR	listen tcp 127.0.0.1:9870: bind: address already in use
github.com/azhai/allgo/logutil.Error
	/Users/ryan/gopath/pkg/mod/github.com/azhai/allgo@v0.0.4/logutil/singleton.go:40
main.main
	/Users/ryan/projects/bingwp/main.go:90
runtime.main
	/usr/local/go/src/runtime/proc.go:290
2026-05-01 02:32:46	ERROR	listen tcp 127.0.0.1:9870: bind: address already in use
github.com/azhai/allgo/logutil.Error
	/Users/ryan/gopath/pkg/mod/github.com/azhai/allgo@v0.0.4/logutil/singleton.go:40
main.main
	/Users/ryan/projects/bingwp/main.go:90
runtime.main
	/usr/local/go/src/runtime/proc.go:290
2026-05-01 02:32:48	ERROR	listen tcp 127.0.0.1:9870: bind: address already in use
github.com/azhai/allgo/logutil.Error
	/Users/ryan/gopath/pkg/mod/github.com/azhai/allgo@v0.0.4/logutil/singleton.go:40
main.main
	/Users/ryan/projects/bingwp/main.go:90
runtime.main
	/usr/local/go/src/runtime/proc.go:290
2026-05-01 02:32:55	ERROR	listen tcp 127.0.0.1:9870: bind: address already in use
github.com/azhai/allgo/logutil.Error
	/Users/ryan/gopath/pkg/mod/github.com/azhai/allgo@v0.0.4/logutil/singleton.go:40
main.main
	/Users/ryan/projects/bingwp/main.go:90
runtime.main
	/usr/local/go/src/runtime/proc.go:290
2026-05-01 02:33:05	ERROR	listen tcp 127.0.0.1:9870: bind: address already in use
github.com/azhai/allgo/logutil.Error
	/Users/ryan/gopath/pkg/mod/github.com/azhai/allgo@v0.0.4/logutil/singleton.go:40
main.main
	/Users/ryan/projects/bingwp/main.go:90
runtime.main
	/usr/local/go/src/runtime/proc.go:290
2026-05-01 02:33:06	ERROR	listen tcp 127.0.0.1:9870: bind: address already in use
github.com/azhai/allgo/logutil.Error
	/Users/ryan/gopath/pkg/mod/github.com/azhai/allgo@v0.0.4/logutil/singleton.go:40
main.main
	/Users/ryan/projects/bingwp/main.go:90
runtime.main
	/usr/local/go/src/runtime/proc.go:290
2026-05-01 02:33:14	ERROR	listen tcp 127.0.0.1:9870: bind: address already in use
github.com/azhai/allgo/logutil.Error
	/Users/ryan/gopath/pkg/mod/github.com/azhai/allgo@v0.0.4/logutil/singleton.go:40
main.main
	/Users/ryan/projects/bingwp/main.go:90
runtime.main
	/usr/local/go/src/runtime/proc.go:290
2026-05-01 02:33:15	ERROR	listen tcp 127.0.0.1:9870: bind: address already in use
github.com/azhai/allgo/logutil.Error
	/Users/ryan/gopath/pkg/mod/github.com/azhai/allgo@v0.0.4/logutil/singleton.go:40
main.main
	/Users/ryan/projects/bingwp/main.go:90
runtime.main
	/usr/local/go/src/runtime/proc.go:290
2026-05-01 02:33:17	ERROR	listen tcp 127.0.0.1:9870: bind: address already in use
github.com/azhai/allgo/logutil.Error
	/Users/ryan/gopath/pkg/mod/github.com/azhai/allgo@v0.0.4/logutil/singleton.go:40
main.main
	/Users/ryan/projects/bingwp/main.go:90
runtime.main
	/usr/local/go/src/runtime/proc.go:290
2026-05-01 02:33:20	ERROR	listen tcp 127.0.0.1:9870: bind: address already in use
github.com/azhai/allgo/logutil.Error
	/Users/ryan/gopath/pkg/mod/github.com/azhai/allgo@v0.0.4/logutil/singleton.go:40
main.main
	/Users/ryan/projects/bingwp/main.go:90
runtime.main
	/usr/local/go/src/runtime/proc.go:290
2026-05-01 02:33:22	ERROR	listen tcp 127.0.0.1:9870: bind: address already in use
github.com/azhai/allgo/logutil.Error
	/Users/ryan/gopath/pkg/mod/github.com/azhai/allgo@v0.0.4/logutil/singleton.go:40
main.main
	/Users/ryan/projects/bingwp/main.go:90
runtime.main
	/usr/local/go/src/runtime/proc.go:290
2026-05-01 02:33:24	ERROR	listen tcp 127.0.0.1:9870: bind: address already in use
github.com/azhai/allgo/logutil.Error
	/Users/ryan/gopath/pkg/mod/github.com/azhai/allgo@v0.0.4/logutil/singleton.go:40
main.main
	/Users/ryan/projects/bingwp/main.go:90
runtime.main
	/usr/local/go/src/runtime/proc.go:290
2026-05-01 02:33:30	ERROR	listen tcp 127.0.0.1:9870: bind: address already in use
github.com/azhai/allgo/logutil.Error
	/Users/ryan/gopath/pkg/mod/github.com/azhai/allgo@v0.0.4/logutil/singleton.go:40
main.main
	/Users/ryan/projects/bingwp/main.go:90
runtime.main
	/usr/local/go/src/runtime/proc.go:290
