2026-05-19 08:34:31	ERROR	pq: database "db_bingwp" does not exist (3D000)
github.com/azhai/allgo/logutil.Error
	/Users/ryan/gopath/pkg/mod/github.com/azhai/allgo@v0.0.4/logutil/singleton.go:40
github.com/azhai/bingwp/services/db.GetMonthDailyRows
	/Users/ryan/projects/bingwp/services/db/query.go:81
github.com/azhai/bingwp/handlers.PageHandler
	/Users/ryan/projects/bingwp/handlers/page.go:46
net/http.HandlerFunc.ServeHTTP
	/usr/local/go/src/net/http/server.go:2286
net/http.(*ServeMux).ServeHTTP
	/usr/local/go/src/net/http/server.go:2828
main.NewApp.Handler.ReadHandler.func3
	/Users/ryan/gopath/pkg/mod/github.com/kataras/compress@v0.0.6/handler.go:39
net/http.HandlerFunc.ServeHTTP
	/usr/local/go/src/net/http/server.go:2286
main.NewApp.Handler.WriteHandler.func4
	/Users/ryan/gopath/pkg/mod/github.com/kataras/compress@v0.0.6/handler.go:23
net/http.HandlerFunc.ServeHTTP
	/usr/local/go/src/net/http/server.go:2286
net/http.serverHandler.ServeHTTP
	/usr/local/go/src/net/http/server.go:3311
net/http.initALPNRequest.ServeHTTP
	/usr/local/go/src/net/http/server.go:3984
net/http.(*http2serverConn).runHandler
	/usr/local/go/src/net/http/h2_bundle.go:6412
