2026-01-12 07:58:28	ERROR	Get "https://api.wilii.cn/api/bing?page=1&pageSize=2": tls: failed to verify certificate: x509: certificate has expired or is not yet valid: “api.wilii.cn” certificate is expired
github.com/azhai/allgo/logutil.Error
	/Users/ryan/gopath/pkg/mod/github.com/azhai/allgo@v0.0.4/logutil/singleton.go:40
main.(*UpdateCmd).Run
	/Users/ryan/projects/bingwp/update.go:26
main.main
	/Users/ryan/projects/bingwp/main.go:63
runtime.main
	/usr/local/go/src/runtime/proc.go:285
2026-01-12 07:58:54	ERROR	Get "https://api.wilii.cn/api/bing?page=1&pageSize=2": tls: failed to verify certificate: x509: certificate has expired or is not yet valid: “api.wilii.cn” certificate is expired
github.com/azhai/allgo/logutil.Error
	/Users/ryan/gopath/pkg/mod/github.com/azhai/allgo@v0.0.4/logutil/singleton.go:40
main.(*UpdateCmd).Run
	/Users/ryan/projects/bingwp/update.go:26
main.main
	/Users/ryan/projects/bingwp/main.go:63
runtime.main
	/usr/local/go/src/runtime/proc.go:285
2026-01-12 07:59:06	ERROR	Get "https://api.wilii.cn/api/bing?page=1&pageSize=2": tls: failed to verify certificate: x509: certificate has expired or is not yet valid: “api.wilii.cn” certificate is expired
github.com/azhai/allgo/logutil.Error
	/Users/ryan/gopath/pkg/mod/github.com/azhai/allgo@v0.0.4/logutil/singleton.go:40
main.(*UpdateCmd).Run
	/Users/ryan/projects/bingwp/update.go:26
main.main
	/Users/ryan/projects/bingwp/main.go:63
runtime.main
	/usr/local/go/src/runtime/proc.go:285
2026-01-12 07:59:27	ERROR	Get "https://api.wilii.cn/api/bing?page=1&pageSize=2": tls: failed to verify certificate: x509: certificate has expired or is not yet valid: “api.wilii.cn” certificate is expired
github.com/azhai/allgo/logutil.Error
	/Users/ryan/gopath/pkg/mod/github.com/azhai/allgo@v0.0.4/logutil/singleton.go:40
main.(*UpdateCmd).Run
	/Users/ryan/projects/bingwp/update.go:26
main.main
	/Users/ryan/projects/bingwp/main.go:63
runtime.main
	/usr/local/go/src/runtime/proc.go:285
2026-01-12 08:03:15	ERROR	Get "https://api.wilii.cn/api/bing?page=1&pageSize=2": tls: failed to verify certificate: x509: certificate has expired or is not yet valid: “api.wilii.cn” certificate is expired
github.com/azhai/allgo/logutil.Error
	/Users/ryan/gopath/pkg/mod/github.com/azhai/allgo@v0.0.4/logutil/singleton.go:40
main.(*UpdateCmd).Run
	/Users/ryan/projects/bingwp/update.go:26
main.main
	/Users/ryan/projects/bingwp/main.go:64
runtime.main
	/usr/local/go/src/runtime/proc.go:285
