2026-05-19 08:34:31	ERROR	QueryContext	{"conn_id": "20WUq0UIMco2Wqm_", "query": "SELECT * FROM t_wall_daily WHERE bing_date >= $1 AND bing_date < $2 ORDER BY id", "args": ["2026-05-01","2026-06-01"], "time": 1779150871, "duration": 4.142083, "error": "driver: bad connection"}
github.com/simukti/sqldb-logger/logadapter/zapadapter.(*zapAdapter).Log
	/Users/ryan/gopath/pkg/mod/github.com/simukti/sqldb-logger/logadapter/zapadapter@v0.0.0-20230108155151-646c1a075551/logger.go:33
github.com/simukti/sqldb-logger.(*logger).log
	/Users/ryan/gopath/pkg/mod/github.com/simukti/sqldb-logger@v0.0.0-20230108155151-646c1a075551/logger.go:137
github.com/simukti/sqldb-logger.(*connection).QueryContext
	/Users/ryan/gopath/pkg/mod/github.com/simukti/sqldb-logger@v0.0.0-20230108155151-646c1a075551/connection.go:208
database/sql.ctxDriverQuery
	/usr/local/go/src/database/sql/ctxutil.go:48
database/sql.(*DB).queryDC.func1
	/usr/local/go/src/database/sql/sql.go:1786
database/sql.withLock
	/usr/local/go/src/database/sql/sql.go:3572
database/sql.(*DB).queryDC
	/usr/local/go/src/database/sql/sql.go:1781
database/sql.(*DB).query
	/usr/local/go/src/database/sql/sql.go:1764
database/sql.(*DB).QueryContext.func1
	/usr/local/go/src/database/sql/sql.go:1742
database/sql.(*DB).retry
	/usr/local/go/src/database/sql/sql.go:1576
database/sql.(*DB).QueryContext
	/usr/local/go/src/database/sql/sql.go:1741
database/sql.(*DB).Query
	/usr/local/go/src/database/sql/sql.go:1755
github.com/azhai/allgo/dbutil.(*DBServ).Query
	/Users/ryan/gopath/pkg/mod/github.com/azhai/allgo@v0.0.4/dbutil/database.go:139
github.com/azhai/bingwp/services/db.GetMonthDailyRows
	/Users/ryan/projects/bingwp/services/db/query.go:75
github.com/azhai/bingwp/handlers.PageHandler
	/Users/ryan/projects/bingwp/handlers/page.go:46
net/http.HandlerFunc.ServeHTTP
	/usr/local/go/src/net/http/server.go:2286
net/http.(*ServeMux).ServeHTTP
	/usr/local/go/src/net/http/server.go:2828
main.NewApp.Handler.ReadHandler.func3
	/Users/ryan/gopath/pkg/mod/github.com/kataras/compress@v0.0.6/handler.go:39
net/http.HandlerFunc.ServeHTTP
	/usr/local/go/src/net/http/server.go:2286
main.NewApp.Handler.WriteHandler.func4
	/Users/ryan/gopath/pkg/mod/github.com/kataras/compress@v0.0.6/handler.go:23
net/http.HandlerFunc.ServeHTTP
	/usr/local/go/src/net/http/server.go:2286
net/http.serverHandler.ServeHTTP
	/usr/local/go/src/net/http/server.go:3311
net/http.initALPNRequest.ServeHTTP
	/usr/local/go/src/net/http/server.go:3984
net/http.(*http2serverConn).runHandler
	/usr/local/go/src/net/http/h2_bundle.go:6412
2026-05-19 08:34:31	ERROR	Close	{"duration": 0.031, "error": "write tcp 127.0.0.1:53397->127.0.0.1:5432: write: broken pipe", "conn_id": "20WUq0UIMco2Wqm_", "time": 1779150871}
github.com/simukti/sqldb-logger/logadapter/zapadapter.(*zapAdapter).Log
	/Users/ryan/gopath/pkg/mod/github.com/simukti/sqldb-logger/logadapter/zapadapter@v0.0.0-20230108155151-646c1a075551/logger.go:33
github.com/simukti/sqldb-logger.(*logger).log
	/Users/ryan/gopath/pkg/mod/github.com/simukti/sqldb-logger@v0.0.0-20230108155151-646c1a075551/logger.go:137
github.com/simukti/sqldb-logger.(*connection).Close
	/Users/ryan/gopath/pkg/mod/github.com/simukti/sqldb-logger@v0.0.0-20230108155151-646c1a075551/connection.go:65
database/sql.(*driverConn).finalClose.func2
	/usr/local/go/src/database/sql/sql.go:695
database/sql.withLock
	/usr/local/go/src/database/sql/sql.go:3572
database/sql.(*driverConn).finalClose
	/usr/local/go/src/database/sql/sql.go:693
database/sql.(*driverConn).Close
	/usr/local/go/src/database/sql/sql.go:674
database/sql.(*DB).putConn
	/usr/local/go/src/database/sql/sql.go:1518
database/sql.(*driverConn).releaseConn
	/usr/local/go/src/database/sql/sql.go:578
database/sql.(*DB).queryDC
	/usr/local/go/src/database/sql/sql.go:1790
database/sql.(*DB).query
	/usr/local/go/src/database/sql/sql.go:1764
database/sql.(*DB).QueryContext.func1
	/usr/local/go/src/database/sql/sql.go:1742
database/sql.(*DB).retry
	/usr/local/go/src/database/sql/sql.go:1576
database/sql.(*DB).QueryContext
	/usr/local/go/src/database/sql/sql.go:1741
database/sql.(*DB).Query
	/usr/local/go/src/database/sql/sql.go:1755
github.com/azhai/allgo/dbutil.(*DBServ).Query
	/Users/ryan/gopath/pkg/mod/github.com/azhai/allgo@v0.0.4/dbutil/database.go:139
github.com/azhai/bingwp/services/db.GetMonthDailyRows
	/Users/ryan/projects/bingwp/services/db/query.go:75
github.com/azhai/bingwp/handlers.PageHandler
	/Users/ryan/projects/bingwp/handlers/page.go:46
net/http.HandlerFunc.ServeHTTP
	/usr/local/go/src/net/http/server.go:2286
net/http.(*ServeMux).ServeHTTP
	/usr/local/go/src/net/http/server.go:2828
main.NewApp.Handler.ReadHandler.func3
	/Users/ryan/gopath/pkg/mod/github.com/kataras/compress@v0.0.6/handler.go:39
net/http.HandlerFunc.ServeHTTP
	/usr/local/go/src/net/http/server.go:2286
main.NewApp.Handler.WriteHandler.func4
	/Users/ryan/gopath/pkg/mod/github.com/kataras/compress@v0.0.6/handler.go:23
net/http.HandlerFunc.ServeHTTP
	/usr/local/go/src/net/http/server.go:2286
net/http.serverHandler.ServeHTTP
	/usr/local/go/src/net/http/server.go:3311
net/http.initALPNRequest.ServeHTTP
	/usr/local/go/src/net/http/server.go:3984
net/http.(*http2serverConn).runHandler
	/usr/local/go/src/net/http/h2_bundle.go:6412
2026-05-19 08:34:31	ERROR	Connect	{"time": 1779150871, "duration": 6.20575, "error": "pq: database \"db_bingwp\" does not exist (3D000)", "conn_id": "6i4mOeSIaMWauSYm"}
github.com/simukti/sqldb-logger/logadapter/zapadapter.(*zapAdapter).Log
	/Users/ryan/gopath/pkg/mod/github.com/simukti/sqldb-logger/logadapter/zapadapter@v0.0.0-20230108155151-646c1a075551/logger.go:33
github.com/simukti/sqldb-logger.(*logger).log
	/Users/ryan/gopath/pkg/mod/github.com/simukti/sqldb-logger@v0.0.0-20230108155151-646c1a075551/logger.go:137
github.com/simukti/sqldb-logger.(*connector).Connect
	/Users/ryan/gopath/pkg/mod/github.com/simukti/sqldb-logger@v0.0.0-20230108155151-646c1a075551/connector.go:24
database/sql.(*DB).conn
	/usr/local/go/src/database/sql/sql.go:1431
database/sql.(*DB).query
	/usr/local/go/src/database/sql/sql.go:1759
database/sql.(*DB).QueryContext.func1
	/usr/local/go/src/database/sql/sql.go:1742
database/sql.(*DB).retry
	/usr/local/go/src/database/sql/sql.go:1576
database/sql.(*DB).QueryContext
	/usr/local/go/src/database/sql/sql.go:1741
database/sql.(*DB).Query
	/usr/local/go/src/database/sql/sql.go:1755
github.com/azhai/allgo/dbutil.(*DBServ).Query
	/Users/ryan/gopath/pkg/mod/github.com/azhai/allgo@v0.0.4/dbutil/database.go:139
github.com/azhai/bingwp/services/db.GetMonthDailyRows
	/Users/ryan/projects/bingwp/services/db/query.go:75
github.com/azhai/bingwp/handlers.PageHandler
	/Users/ryan/projects/bingwp/handlers/page.go:46
net/http.HandlerFunc.ServeHTTP
	/usr/local/go/src/net/http/server.go:2286
net/http.(*ServeMux).ServeHTTP
	/usr/local/go/src/net/http/server.go:2828
main.NewApp.Handler.ReadHandler.func3
	/Users/ryan/gopath/pkg/mod/github.com/kataras/compress@v0.0.6/handler.go:39
net/http.HandlerFunc.ServeHTTP
	/usr/local/go/src/net/http/server.go:2286
main.NewApp.Handler.WriteHandler.func4
	/Users/ryan/gopath/pkg/mod/github.com/kataras/compress@v0.0.6/handler.go:23
net/http.HandlerFunc.ServeHTTP
	/usr/local/go/src/net/http/server.go:2286
net/http.serverHandler.ServeHTTP
	/usr/local/go/src/net/http/server.go:3311
net/http.initALPNRequest.ServeHTTP
	/usr/local/go/src/net/http/server.go:3984
net/http.(*http2serverConn).runHandler
	/usr/local/go/src/net/http/h2_bundle.go:6412
2026-05-19 09:09:16	INFO	QueryContext	{"time": 1779152956, "duration": 3.805458, "conn_id": "u0iM2IMMYCW4_YWg", "query": "SELECT * FROM t_wall_daily WHERE bing_date >= $1 AND bing_date < $2 ORDER BY id", "args": ["2026-05-01","2026-06-01"]}
2026-05-19 09:10:03	INFO	QueryContext	{"query": "SELECT * FROM t_wall_daily WHERE bing_date >= $1 AND bing_date < $2 ORDER BY id", "args": ["2026-05-01","2026-06-01"], "time": 1779153003, "duration": 2.502417, "conn_id": "yaO_EKAsqMosgGoS"}
2026-05-19 09:10:21	INFO	QueryContext	{"args": ["2026-04-01","2026-05-01"], "time": 1779153021, "duration": 0.711875, "conn_id": "yaO_EKAsqMosgGoS", "query": "SELECT * FROM t_wall_daily WHERE bing_date >= $1 AND bing_date < $2 ORDER BY id"}
2026-05-19 09:10:21	INFO	QueryContext	{"args": [6300,6301,6302,6303,6304,6305,6306,6307,6308,6309,6310,6311,6312,6313,6314,6315,6316,6317,6318,6319,6320,6321,6322,6323,6324,6325,6326,6327,6328,6329], "time": 1779153021, "duration": 2.013459, "conn_id": "yaO_EKAsqMosgGoS", "query": "SELECT * FROM  t_wall_image  WHERE daily_id IN ($1, $2, $3, $4, $5, $6, $7, $8, $9, $10, $11, $12, $13, $14, $15, $16, $17, $18, $19, $20, $21, $22, $23, $24, $25, $26, $27, $28, $29, $30) ORDER BY daily_id"}
2026-05-19 09:10:21	INFO	QueryContext	{"time": 1779153021, "duration": 1.148417, "conn_id": "yaO_EKAsqMosgGoS", "query": "SELECT * FROM  t_wall_note  WHERE daily_id IN ($1, $2, $3, $4, $5, $6, $7, $8, $9, $10, $11, $12, $13, $14, $15, $16, $17, $18, $19, $20, $21, $22, $23, $24, $25, $26, $27, $28, $29, $30) ORDER BY daily_id", "args": [6300,6301,6302,6303,6304,6305,6306,6307,6308,6309,6310,6311,6312,6313,6314,6315,6316,6317,6318,6319,6320,6321,6322,6323,6324,6325,6326,6327,6328,6329]}
2026-05-19 09:10:36	INFO	QueryContext	{"time": 1779153036, "duration": 2.996, "conn_id": "6C_2UC2u2yYSQouI", "query": "SELECT * FROM t_wall_daily WHERE bing_date IN ($1, $2, $3, $4, $5, $6, $7, $8)", "args": ["2026-05-19","2026-05-18","2026-05-17","2026-05-16","2026-05-15","2026-05-14","2026-05-13","2026-05-12"]}
2026-05-19 09:10:36	INFO	PrepareContext	{"time": 1779153036, "duration": 0.276167, "conn_id": "6C_2UC2u2yYSQouI", "query": "INSERT INTO t_wall_daily (id, guid, bing_date, bing_sku, title, headline, color, max_dpi) VALUES ($1, $2, $3, $4, $5, $6, $7, $8)", "stmt_id": "kK_2WI_UWuAGMwgU"}
2026-05-19 09:10:36	INFO	StmtExecContext	{"time": 1779153036, "duration": 3.878541, "conn_id": "6C_2UC2u2yYSQouI", "stmt_id": "kK_2WI_UWuAGMwgU", "query": "INSERT INTO t_wall_daily (id, guid, bing_date, bing_sku, title, headline, color, max_dpi) VALUES ($1, $2, $3, $4, $5, $6, $7, $8)", "args": [6348,"","2026-05-19T00:00:00Z","SpainLighthouse_ZH-CN6024263415","福门托尔灯塔, 马略卡, 巴利阿里群岛, 西班牙 ","马略卡岛的边缘","","0x0"]}
2026-05-19 09:10:36	INFO	StmtExecContext	{"time": 1779153036, "duration": 2.071666, "conn_id": "6C_2UC2u2yYSQouI", "stmt_id": "kK_2WI_UWuAGMwgU", "query": "INSERT INTO t_wall_daily (id, guid, bing_date, bing_sku, title, headline, color, max_dpi) VALUES ($1, $2, $3, $4, $5, $6, $7, $8)", "args": [6347,"","2026-05-18T00:00:00Z","MuseumLondon_ZH-CN5602977820","伦敦自然历史博物馆, 英格兰 ","大厅里的希望","","0x0"]}
2026-05-19 09:10:36	INFO	StmtExecContext	{"query": "INSERT INTO t_wall_daily (id, guid, bing_date, bing_sku, title, headline, color, max_dpi) VALUES ($1, $2, $3, $4, $5, $6, $7, $8)", "args": [6346,"","2026-05-17T00:00:00Z","ShenandoahSunset_ZH-CN4399136794","仙纳度国家公园的玳瑁峰, 弗吉尼亚州, 美国 ","静谧之巅，喧嚣之景","","0x0"], "time": 1779153036, "duration": 0.945291, "conn_id": "6C_2UC2u2yYSQouI", "stmt_id": "kK_2WI_UWuAGMwgU"}
2026-05-19 09:10:36	INFO	StmtExecContext	{"stmt_id": "kK_2WI_UWuAGMwgU", "query": "INSERT INTO t_wall_daily (id, guid, bing_date, bing_sku, title, headline, color, max_dpi) VALUES ($1, $2, $3, $4, $5, $6, $7, $8)", "args": [6345,"","2026-05-16T00:00:00Z","SmithRockPark_ZH-CN4210144402","史密斯岩州立公园, 俄勒冈州, 美国 ","跌到谷底？这里可不是。","","0x0"], "time": 1779153036, "duration": 0.559375, "conn_id": "6C_2UC2u2yYSQouI"}
2026-05-19 09:10:36	INFO	StmtExecContext	{"stmt_id": "kK_2WI_UWuAGMwgU", "query": "INSERT INTO t_wall_daily (id, guid, bing_date, bing_sku, title, headline, color, max_dpi) VALUES ($1, $2, $3, $4, $5, $6, $7, $8)", "args": [6344,"","2026-05-15T00:00:00Z","EndangeredWhales_ZH-CN4053106967","一群抹香鲸, 印度洋 ","鲸鱼，你会救我吗？","","0x0"], "time": 1779153036, "duration": 0.7215, "conn_id": "6C_2UC2u2yYSQouI"}
2026-05-19 09:10:36	INFO	StmtExecContext	{"time": 1779153036, "duration": 0.582917, "conn_id": "6C_2UC2u2yYSQouI", "stmt_id": "kK_2WI_UWuAGMwgU", "query": "INSERT INTO t_wall_daily (id, guid, bing_date, bing_sku, title, headline, color, max_dpi) VALUES ($1, $2, $3, $4, $5, $6, $7, $8)", "args": [6343,"","2026-05-14T00:00:00Z","Pitigliano_ZH-CN1509921892","中世纪古镇皮蒂利亚诺, 托斯卡纳, 意大利 ","一场穿越时空的旅程","","0x0"]}
2026-05-19 09:10:36	INFO	StmtExecContext	{"conn_id": "6C_2UC2u2yYSQouI", "stmt_id": "kK_2WI_UWuAGMwgU", "query": "INSERT INTO t_wall_daily (id, guid, bing_date, bing_sku, title, headline, color, max_dpi) VALUES ($1, $2, $3, $4, $5, $6, $7, $8)", "args": [6342,"","2026-05-13T00:00:00Z","AlabamaHills_ZH-CN1387018045","拱门与银河, 阿拉巴马山, 内华达山脉, 加利福尼\ufffd (14 bytes truncated)","银河系，摇滚吧！","","0x0"], "time": 1779153036, "duration": 0.672208}
2026-05-19 09:10:36	INFO	StmtExecContext	{"time": 1779153036, "duration": 0.314375, "conn_id": "6C_2UC2u2yYSQouI", "stmt_id": "kK_2WI_UWuAGMwgU", "query": "INSERT INTO t_wall_daily (id, guid, bing_date, bing_sku, title, headline, color, max_dpi) VALUES ($1, $2, $3, $4, $5, $6, $7, $8)", "args": [6341,"","2026-05-12T00:00:00Z","Fratercula_ZH-CN1239275412","北极海鹦, 威尔士 ","振翅, 潜水, 生存","","0x0"]}
2026-05-19 09:10:37	INFO	ExecContext	{"time": 1779153037, "duration": 2.998083, "conn_id": "6C_2UC2u2yYSQouI", "query": "INSERT INTO t_wall_image (id, daily_id, file_name, img_md5, img_size, img_offset, img_width, img_height) VALUES ($1, $2, $3, $4, $5, $6, $7, $8) ON CONFLICT (id) DO NOTHING", "args": [12695,6348,"thumb/2026/20260519.jpg","a2e3913449b6e3570d5ff98357dc674e",20808,0,400,240]}
2026-05-19 09:10:37	INFO	ExecContext	{"time": 1779153037, "duration": 0.908125, "conn_id": "6C_2UC2u2yYSQouI", "query": "INSERT INTO t_wall_image (id, daily_id, file_name, img_md5, img_size, img_offset, img_width, img_height) VALUES ($1, $2, $3, $4, $5, $6, $7, $8) ON CONFLICT (id) DO NOTHING", "args": [12696,6348,"image/202605/20260519.jpg","3d9ef3de72196bfda8602a60d4a6336b",3568671,0,3840,2160]}
2026-05-19 09:10:38	INFO	ExecContext	{"duration": 1.425542, "conn_id": "6C_2UC2u2yYSQouI", "query": "INSERT INTO t_wall_image (id, daily_id, file_name, img_md5, img_size, img_offset, img_width, img_height) VALUES ($1, $2, $3, $4, $5, $6, $7, $8) ON CONFLICT (id) DO NOTHING", "args": [12693,6347,"thumb/2026/20260518.jpg","240bd5dca9e594250f5ca4b96bb732ff",24430,0,400,240], "time": 1779153038}
2026-05-19 09:10:38	INFO	ExecContext	{"args": [12694,6347,"image/202605/20260518.jpg","f15fcd13ce8547aa33449ea574d0b324",3633594,0,3840,2160], "time": 1779153038, "duration": 2.337375, "conn_id": "6C_2UC2u2yYSQouI", "query": "INSERT INTO t_wall_image (id, daily_id, file_name, img_md5, img_size, img_offset, img_width, img_height) VALUES ($1, $2, $3, $4, $5, $6, $7, $8) ON CONFLICT (id) DO NOTHING"}
2026-05-19 09:10:39	INFO	ExecContext	{"conn_id": "6C_2UC2u2yYSQouI", "query": "INSERT INTO t_wall_image (id, daily_id, file_name, img_md5, img_size, img_offset, img_width, img_height) VALUES ($1, $2, $3, $4, $5, $6, $7, $8) ON CONFLICT (id) DO NOTHING", "args": [12689,6345,"thumb/2026/20260516.jpg","b1d3e9e7578f565b16846c28a3561f62",24276,0,400,240], "time": 1779153039, "duration": 0.904208}
2026-05-19 09:10:39	INFO	ExecContext	{"args": [12690,6345,"image/202605/20260516.jpg","d4287a29f66914751138255d733af206",3650378,0,3840,2160], "time": 1779153039, "duration": 1.665417, "conn_id": "6C_2UC2u2yYSQouI", "query": "INSERT INTO t_wall_image (id, daily_id, file_name, img_md5, img_size, img_offset, img_width, img_height) VALUES ($1, $2, $3, $4, $5, $6, $7, $8) ON CONFLICT (id) DO NOTHING"}
2026-05-19 09:10:39	INFO	ExecContext	{"conn_id": "6C_2UC2u2yYSQouI", "query": "INSERT INTO t_wall_image (id, daily_id, file_name, img_md5, img_size, img_offset, img_width, img_height) VALUES ($1, $2, $3, $4, $5, $6, $7, $8) ON CONFLICT (id) DO NOTHING", "args": [12687,6344,"thumb/2026/20260515.jpg","9d4c7630b038ea9b5d294e238f34ec14",10590,0,400,240], "time": 1779153039, "duration": 0.88175}
2026-05-19 09:10:39	INFO	ExecContext	{"query": "INSERT INTO t_wall_image (id, daily_id, file_name, img_md5, img_size, img_offset, img_width, img_height) VALUES ($1, $2, $3, $4, $5, $6, $7, $8) ON CONFLICT (id) DO NOTHING", "args": [12688,6344,"image/202605/20260515.jpg","00c57c274263d2f07087f78f19bd60b3",3772052,0,3840,2160], "time": 1779153039, "duration": 1.920209, "conn_id": "6C_2UC2u2yYSQouI"}
2026-05-19 09:10:39	INFO	ExecContext	{"time": 1779153039, "duration": 0.966791, "conn_id": "6C_2UC2u2yYSQouI", "query": "INSERT INTO t_wall_image (id, daily_id, file_name, img_md5, img_size, img_offset, img_width, img_height) VALUES ($1, $2, $3, $4, $5, $6, $7, $8) ON CONFLICT (id) DO NOTHING", "args": [12685,6343,"thumb/2026/20260514.jpg","2b42f6082f0b2a02b50e2bc715624e26",22442,0,400,240]}
2026-05-19 09:10:39	INFO	ExecContext	{"time": 1779153039, "duration": 1.266084, "conn_id": "6C_2UC2u2yYSQouI", "query": "INSERT INTO t_wall_image (id, daily_id, file_name, img_md5, img_size, img_offset, img_width, img_height) VALUES ($1, $2, $3, $4, $5, $6, $7, $8) ON CONFLICT (id) DO NOTHING", "args": [12686,6343,"image/202605/20260514.jpg","2b7ceba5888d676eb82a32d985c21212",3698528,0,3840,2160]}
2026-05-19 09:10:39	INFO	ExecContext	{"time": 1779153039, "duration": 1.093083, "conn_id": "6C_2UC2u2yYSQouI", "query": "INSERT INTO t_wall_image (id, daily_id, file_name, img_md5, img_size, img_offset, img_width, img_height) VALUES ($1, $2, $3, $4, $5, $6, $7, $8) ON CONFLICT (id) DO NOTHING", "args": [12683,6342,"thumb/2026/20260513.jpg","d9f50ccfbd9cbf04143a698f690f2f5d",14355,0,400,240]}
2026-05-19 09:10:39	INFO	ExecContext	{"query": "INSERT INTO t_wall_image (id, daily_id, file_name, img_md5, img_size, img_offset, img_width, img_height) VALUES ($1, $2, $3, $4, $5, $6, $7, $8) ON CONFLICT (id) DO NOTHING", "args": [12684,6342,"image/202605/20260513.jpg","f4547d3e1a678d6a6cfaf12056787cfa",3632442,0,3840,2160], "time": 1779153039, "duration": 1.078042, "conn_id": "6C_2UC2u2yYSQouI"}
2026-05-19 09:10:39	INFO	ExecContext	{"args": [12681,6341,"thumb/2026/20260512.jpg","3e4daaa3ba6c151753fff260c4d3d74c",10838,0,400,240], "time": 1779153039, "duration": 0.463917, "conn_id": "6C_2UC2u2yYSQouI", "query": "INSERT INTO t_wall_image (id, daily_id, file_name, img_md5, img_size, img_offset, img_width, img_height) VALUES ($1, $2, $3, $4, $5, $6, $7, $8) ON CONFLICT (id) DO NOTHING"}
2026-05-19 09:10:39	INFO	ExecContext	{"time": 1779153039, "duration": 0.811292, "conn_id": "6C_2UC2u2yYSQouI", "query": "INSERT INTO t_wall_image (id, daily_id, file_name, img_md5, img_size, img_offset, img_width, img_height) VALUES ($1, $2, $3, $4, $5, $6, $7, $8) ON CONFLICT (id) DO NOTHING", "args": [12682,6341,"image/202605/20260512.jpg","5870e89ad5e6dcdc1be929d3e089961b",2850497,0,3840,2160]}
2026-05-19 09:10:39	INFO	ExecContext	{"conn_id": "6C_2UC2u2yYSQouI", "query": "UPDATE t_wall_daily SET max_dpi = $1 WHERE id IN (6348, 6347, 6345, 6344, 6343, 6342, 6341)", "args": ["3840x2160"], "time": 1779153039, "duration": 2.848083}
2026-05-19 09:10:40	INFO	QueryContext	{"duration": 0.836167, "conn_id": "6C_2UC2u2yYSQouI", "query": "SELECT * FROM t_wall_daily WHERE bing_date IN ($1, $2, $3, $4, $5, $6, $7, $8)", "args": ["2026-05-19","2026-05-18","2026-05-17","2026-05-16","2026-05-15","2026-05-14","2026-05-13","2026-05-12"], "time": 1779153040}
2026-05-19 09:10:40	INFO	ExecContext	{"duration": 0.943291, "conn_id": "6C_2UC2u2yYSQouI", "query": "UPDATE t_wall_daily SET color = $2, guid = $1 WHERE bing_date = $3", "args": ["bfddc743a0","(43, 122, 159)","2026-05-19"], "time": 1779153040}
2026-05-19 09:10:40	INFO	ExecContext	{"query": "UPDATE t_wall_daily SET guid = $1, color = $2 WHERE bing_date = $3", "args": ["b95ef9bb1d","(45, 35, 28)","2026-05-18"], "time": 1779153040, "duration": 0.454458, "conn_id": "6C_2UC2u2yYSQouI"}
2026-05-19 09:10:40	INFO	ExecContext	{"duration": 0.487083, "conn_id": "6C_2UC2u2yYSQouI", "query": "UPDATE t_wall_daily SET guid = $1, color = $2 WHERE bing_date = $3", "args": ["ec20a82502","(186, 163, 180)","2026-05-17"], "time": 1779153040}
2026-05-19 09:10:40	INFO	ExecContext	{"time": 1779153040, "duration": 0.504791, "conn_id": "6C_2UC2u2yYSQouI", "query": "UPDATE t_wall_daily SET guid = $1, color = $2 WHERE bing_date = $3", "args": ["3725b5fa7c","(114, 79, 55)","2026-05-16"]}
2026-05-19 09:10:40	INFO	ExecContext	{"time": 1779153040, "duration": 0.399083, "conn_id": "6C_2UC2u2yYSQouI", "query": "UPDATE t_wall_daily SET guid = $1, color = $2 WHERE bing_date = $3", "args": ["31708a18e6","(36, 94, 137)","2026-05-15"]}
2026-05-19 09:10:40	INFO	ExecContext	{"time": 1779153040, "duration": 0.39375, "conn_id": "6C_2UC2u2yYSQouI", "query": "UPDATE t_wall_daily SET guid = $1, color = $2 WHERE bing_date = $3", "args": ["cc1b27fa4d","(196, 199, 202)","2026-05-14"]}
2026-05-19 09:10:40	INFO	ExecContext	{"query": "UPDATE t_wall_daily SET color = $2, guid = $1 WHERE bing_date = $3", "args": ["48411aab38","(68, 64, 80)","2026-05-13"], "time": 1779153040, "duration": 0.3825, "conn_id": "6C_2UC2u2yYSQouI"}
2026-05-19 09:10:40	INFO	ExecContext	{"duration": 0.386042, "conn_id": "6C_2UC2u2yYSQouI", "query": "UPDATE t_wall_daily SET guid = $1, color = $2 WHERE bing_date = $3", "args": ["260ca4df39","(174, 139, 73)","2026-05-12"], "time": 1779153040}
2026-05-19 09:10:40	INFO	QueryContext	{"query": "SELECT * FROM t_wall_daily ORDER BY id DESC LIMIT $1 OFFSET $2", "args": [5,1], "time": 1779153040, "duration": 0.610959, "conn_id": "6C_2UC2u2yYSQouI"}
2026-05-19 09:10:40	INFO	QueryContext	{"time": 1779153040, "duration": 1.18075, "conn_id": "6C_2UC2u2yYSQouI", "query": "SELECT * FROM  t_wall_note  WHERE daily_id IN ($1, $2, $3, $4, $5) ORDER BY daily_id", "args": [6347,6346,6345,6344,6343]}
2026-05-19 09:10:41	INFO	PrepareContext	{"time": 1779153041, "duration": 0.493917, "conn_id": "6C_2UC2u2yYSQouI", "query": "INSERT INTO t_wall_note (daily_id, note_type, note_chinese, note_english) VALUES ($1, $2, $3, $4) RETURNING id", "stmt_id": "qEy2ga0smQQ_ky6e"}
2026-05-19 09:10:41	INFO	StmtQueryContext	{"stmt_id": "qEy2ga0smQQ_ky6e", "query": "INSERT INTO t_wall_note (daily_id, note_type, note_chinese, note_english) VALUES ($1, $2, $3, $4) RETURNING id", "args": [6343,"title","中世纪古镇皮蒂利亚诺, 托斯卡纳, 意大利","Medieval town of Pitigliano, Tuscany, Italy"], "time": 1779153041, "duration": 1.994334, "conn_id": "6C_2UC2u2yYSQouI"}
2026-05-19 09:10:41	INFO	StmtQueryContext	{"duration": 1.277459, "conn_id": "6C_2UC2u2yYSQouI", "stmt_id": "qEy2ga0smQQ_ky6e", "query": "INSERT INTO t_wall_note (daily_id, note_type, note_chinese, note_english) VALUES ($1, $2, $3, $4) RETURNING id", "args": [6343,"headline","一场穿越时空的旅程","A journey through time"], "time": 1779153041}
2026-05-19 09:10:41	INFO	StmtQueryContext	{"query": "INSERT INTO t_wall_note (daily_id, note_type, note_chinese, note_english) VALUES ($1, $2, $3, $4) RETURNING id", "args": [6343,"description","<p>皮蒂利亚诺坐落在意大利托斯卡纳南部的一处\ufffd (1102 bytes truncated)","<p>Perched on a tufa ridge in southern Tuscany, Italy, Pitiglian (965 bytes truncated)"], "time": 1779153041, "duration": 1.723667, "conn_id": "6C_2UC2u2yYSQouI", "stmt_id": "qEy2ga0smQQ_ky6e"}
2026-05-19 09:10:41	INFO	StmtQueryContext	{"time": 1779153041, "duration": 0.422875, "conn_id": "6C_2UC2u2yYSQouI", "stmt_id": "qEy2ga0smQQ_ky6e", "query": "INSERT INTO t_wall_note (daily_id, note_type, note_chinese, note_english) VALUES ($1, $2, $3, $4) RETURNING id", "args": [6344,"title","一群抹香鲸, 印度洋","A family of sperm whales, Indian Ocean"]}
2026-05-19 09:10:41	INFO	StmtQueryContext	{"time": 1779153041, "duration": 0.2855, "conn_id": "6C_2UC2u2yYSQouI", "stmt_id": "qEy2ga0smQQ_ky6e", "query": "INSERT INTO t_wall_note (daily_id, note_type, note_chinese, note_english) VALUES ($1, $2, $3, $4) RETURNING id", "args": [6344,"headline","鲸鱼，你会救我吗？","Whale you save me?"]}
2026-05-19 09:10:41	INFO	StmtQueryContext	{"stmt_id": "qEy2ga0smQQ_ky6e", "query": "INSERT INTO t_wall_note (daily_id, note_type, note_chinese, note_english) VALUES ($1, $2, $3, $4) RETURNING id", "args": [6344,"description","<p>集智慧、力量与惊人的深潜本领于一身——抹\ufffd (1267 bytes truncated)","<p>Brains, brawn, and a serious case of going deep—the sperm w (959 bytes truncated)"], "time": 1779153041, "duration": 0.41, "conn_id": "6C_2UC2u2yYSQouI"}
2026-05-19 09:10:41	INFO	StmtQueryContext	{"conn_id": "6C_2UC2u2yYSQouI", "stmt_id": "qEy2ga0smQQ_ky6e", "query": "INSERT INTO t_wall_note (daily_id, note_type, note_chinese, note_english) VALUES ($1, $2, $3, $4) RETURNING id", "args": [6345,"title","史密斯岩州立公园, 俄勒冈州, 美国","Smith Rock State Park, Oregon"], "time": 1779153041, "duration": 0.28825}
2026-05-19 09:10:41	INFO	StmtQueryContext	{"time": 1779153041, "duration": 0.498625, "conn_id": "6C_2UC2u2yYSQouI", "stmt_id": "qEy2ga0smQQ_ky6e", "query": "INSERT INTO t_wall_note (daily_id, note_type, note_chinese, note_english) VALUES ($1, $2, $3, $4) RETURNING id", "args": [6345,"headline","跌到谷底？这里可不是。","Rock bottom? Not here"]}
2026-05-19 09:10:41	INFO	StmtQueryContext	{"time": 1779153041, "duration": 0.441792, "conn_id": "6C_2UC2u2yYSQouI", "stmt_id": "qEy2ga0smQQ_ky6e", "query": "INSERT INTO t_wall_note (daily_id, note_type, note_chinese, note_english) VALUES ($1, $2, $3, $4) RETURNING id", "args": [6345,"description","<p>你会如何称呼这样一个地方：在这里，是岩石\ufffd (1325 bytes truncated)","<p>What do you call a place where the rocks do the climbing, and (913 bytes truncated)"]}
2026-05-19 09:10:41	INFO	StmtQueryContext	{"time": 1779153041, "duration": 0.38125, "conn_id": "6C_2UC2u2yYSQouI", "stmt_id": "qEy2ga0smQQ_ky6e", "query": "INSERT INTO t_wall_note (daily_id, note_type, note_chinese, note_english) VALUES ($1, $2, $3, $4) RETURNING id", "args": [6346,"title","仙纳度国家公园的玳瑁峰, 弗吉尼亚州, 美国","Hawksbill Mountain in Shenandoah National Park, Virginia"]}
2026-05-19 09:10:41	INFO	StmtQueryContext	{"duration": 0.371625, "conn_id": "6C_2UC2u2yYSQouI", "stmt_id": "qEy2ga0smQQ_ky6e", "query": "INSERT INTO t_wall_note (daily_id, note_type, note_chinese, note_english) VALUES ($1, $2, $3, $4) RETURNING id", "args": [6346,"headline","静谧之巅，喧嚣之景","Quiet peak, loud view"], "time": 1779153041}
2026-05-19 09:10:41	INFO	StmtQueryContext	{"args": [6346,"description","<p>究竟要多高，才能尽享绝佳美景？在美国东部\ufffd (1254 bytes truncated)","<p>How high is high enough for a great view? In the eastern Unit (977 bytes truncated)"], "time": 1779153041, "duration": 0.406458, "conn_id": "6C_2UC2u2yYSQouI", "stmt_id": "qEy2ga0smQQ_ky6e", "query": "INSERT INTO t_wall_note (daily_id, note_type, note_chinese, note_english) VALUES ($1, $2, $3, $4) RETURNING id"}
2026-05-19 09:10:41	INFO	StmtQueryContext	{"time": 1779153041, "duration": 0.158958, "conn_id": "6C_2UC2u2yYSQouI", "stmt_id": "qEy2ga0smQQ_ky6e", "query": "INSERT INTO t_wall_note (daily_id, note_type, note_chinese, note_english) VALUES ($1, $2, $3, $4) RETURNING id", "args": [6347,"title","伦敦自然历史博物馆, 英格兰","Natural History Museum, London, England"]}
2026-05-19 09:10:41	INFO	StmtQueryContext	{"time": 1779153041, "duration": 0.149333, "conn_id": "6C_2UC2u2yYSQouI", "stmt_id": "qEy2ga0smQQ_ky6e", "query": "INSERT INTO t_wall_note (daily_id, note_type, note_chinese, note_english) VALUES ($1, $2, $3, $4) RETURNING id", "args": [6347,"headline","大厅里的希望","Hope in the hall"]}
2026-05-19 09:10:41	INFO	StmtQueryContext	{"time": 1779153041, "duration": 0.200417, "conn_id": "6C_2UC2u2yYSQouI", "stmt_id": "qEy2ga0smQQ_ky6e", "query": "INSERT INTO t_wall_note (daily_id, note_type, note_chinese, note_english) VALUES ($1, $2, $3, $4) RETURNING id", "args": [6347,"description","<p>当你步入博物馆，时光仿佛瞬间流转。一枚化\ufffd (1256 bytes truncated)","<p>You walk into a museum, and suddenly time shifts. A fossil hi (1015 bytes truncated)"]}
2026-05-19 09:12:12	INFO	QueryContext	{"conn_id": "yaO_EKAsqMosgGoS", "query": "SELECT * FROM t_wall_daily WHERE bing_date >= $1 AND bing_date < $2 ORDER BY id", "args": ["2026-04-01","2026-05-01"], "time": 1779153132, "duration": 1.830209}
2026-05-19 09:12:12	INFO	QueryContext	{"time": 1779153132, "duration": 0.633708, "conn_id": "yaO_EKAsqMosgGoS", "query": "SELECT * FROM  t_wall_image  WHERE daily_id IN ($1, $2, $3, $4, $5, $6, $7, $8, $9, $10, $11, $12, $13, $14, $15, $16, $17, $18, $19, $20, $21, $22, $23, $24, $25, $26, $27, $28, $29, $30) ORDER BY daily_id", "args": [6300,6301,6302,6303,6304,6305,6306,6307,6308,6309,6310,6311,6312,6313,6314,6315,6316,6317,6318,6319,6320,6321,6322,6323,6324,6325,6326,6327,6328,6329]}
2026-05-19 09:12:12	INFO	QueryContext	{"conn_id": "yaO_EKAsqMosgGoS", "query": "SELECT * FROM  t_wall_note  WHERE daily_id IN ($1, $2, $3, $4, $5, $6, $7, $8, $9, $10, $11, $12, $13, $14, $15, $16, $17, $18, $19, $20, $21, $22, $23, $24, $25, $26, $27, $28, $29, $30) ORDER BY daily_id", "args": [6300,6301,6302,6303,6304,6305,6306,6307,6308,6309,6310,6311,6312,6313,6314,6315,6316,6317,6318,6319,6320,6321,6322,6323,6324,6325,6326,6327,6328,6329], "time": 1779153132, "duration": 0.327333}
2026-05-19 09:12:13	INFO	QueryContext	{"time": 1779153133, "duration": 0.649333, "conn_id": "yaO_EKAsqMosgGoS", "query": "SELECT * FROM t_wall_daily WHERE bing_date >= $1 AND bing_date < $2 ORDER BY id", "args": ["2026-05-01","2026-06-01"]}
2026-05-19 09:12:13	INFO	QueryContext	{"time": 1779153133, "duration": 0.375458, "conn_id": "yaO_EKAsqMosgGoS", "query": "SELECT * FROM  t_wall_image  WHERE daily_id IN ($1, $2, $3, $4, $5, $6, $7, $8) ORDER BY daily_id", "args": [6341,6342,6343,6344,6345,6346,6347,6348]}
2026-05-19 09:12:13	INFO	QueryContext	{"time": 1779153133, "duration": 0.291417, "conn_id": "yaO_EKAsqMosgGoS", "query": "SELECT * FROM  t_wall_note  WHERE daily_id IN ($1, $2, $3, $4, $5, $6, $7, $8) ORDER BY daily_id", "args": [6341,6342,6343,6344,6345,6346,6347,6348]}
2026-05-19 10:15:42	INFO	QueryContext	{"query": "SELECT * FROM t_wall_daily WHERE bing_date >= $1 AND bing_date < $2 ORDER BY id", "args": ["2026-04-01","2026-05-01"], "time": 1779156942, "duration": 17.70825, "conn_id": "QY6UWW0gwUs8U0Gm"}
2026-05-19 10:15:42	INFO	QueryContext	{"time": 1779156942, "duration": 2.256166, "conn_id": "QY6UWW0gwUs8U0Gm", "query": "SELECT * FROM  t_wall_image  WHERE daily_id IN ($1, $2, $3, $4, $5, $6, $7, $8, $9, $10, $11, $12, $13, $14, $15, $16, $17, $18, $19, $20, $21, $22, $23, $24, $25, $26, $27, $28, $29, $30) ORDER BY daily_id", "args": [6300,6301,6302,6303,6304,6305,6306,6307,6308,6309,6310,6311,6312,6313,6314,6315,6316,6317,6318,6319,6320,6321,6322,6323,6324,6325,6326,6327,6328,6329]}
2026-05-19 10:15:42	INFO	QueryContext	{"time": 1779156942, "duration": 1.232667, "conn_id": "QY6UWW0gwUs8U0Gm", "query": "SELECT * FROM  t_wall_note  WHERE daily_id IN ($1, $2, $3, $4, $5, $6, $7, $8, $9, $10, $11, $12, $13, $14, $15, $16, $17, $18, $19, $20, $21, $22, $23, $24, $25, $26, $27, $28, $29, $30) ORDER BY daily_id", "args": [6300,6301,6302,6303,6304,6305,6306,6307,6308,6309,6310,6311,6312,6313,6314,6315,6316,6317,6318,6319,6320,6321,6322,6323,6324,6325,6326,6327,6328,6329]}
2026-05-19 10:15:47	INFO	QueryContext	{"time": 1779156947, "duration": 0.529292, "conn_id": "QY6UWW0gwUs8U0Gm", "query": "SELECT * FROM t_wall_daily WHERE bing_date >= $1 AND bing_date < $2 ORDER BY id", "args": ["2026-03-01","2026-04-01"]}
2026-05-19 10:15:47	INFO	QueryContext	{"conn_id": "QY6UWW0gwUs8U0Gm", "query": "SELECT * FROM  t_wall_image  WHERE daily_id IN ($1, $2, $3, $4, $5, $6, $7, $8, $9, $10, $11, $12, $13, $14, $15, $16, $17, $18, $19, $20, $21, $22, $23, $24, $25, $26, $27, $28, $29, $30, $31) ORDER BY daily_id", "args": [6269,6270,6271,6272,6273,6274,6275,6276,6277,6278,6279,6280,6281,6282,6283,6284,6285,6286,6287,6288,6289,6290,6291,6292,6293,6294,6295,6296,6297,6298,6299], "time": 1779156947, "duration": 1.906708}
2026-05-19 10:15:47	INFO	QueryContext	{"conn_id": "QY6UWW0gwUs8U0Gm", "query": "SELECT * FROM  t_wall_note  WHERE daily_id IN ($1, $2, $3, $4, $5, $6, $7, $8, $9, $10, $11, $12, $13, $14, $15, $16, $17, $18, $19, $20, $21, $22, $23, $24, $25, $26, $27, $28, $29, $30, $31) ORDER BY daily_id", "args": [6269,6270,6271,6272,6273,6274,6275,6276,6277,6278,6279,6280,6281,6282,6283,6284,6285,6286,6287,6288,6289,6290,6291,6292,6293,6294,6295,6296,6297,6298,6299], "time": 1779156947, "duration": 0.564125}
2026-05-19 10:15:50	INFO	QueryContext	{"query": "SELECT * FROM t_wall_daily WHERE bing_date >= $1 AND bing_date < $2 ORDER BY id", "args": ["2026-03-01","2026-04-01"], "time": 1779156950, "duration": 0.664042, "conn_id": "QY6UWW0gwUs8U0Gm"}
2026-05-19 10:15:50	INFO	QueryContext	{"time": 1779156950, "duration": 0.402625, "conn_id": "QY6UWW0gwUs8U0Gm", "query": "SELECT * FROM  t_wall_image  WHERE daily_id IN ($1, $2, $3, $4, $5, $6, $7, $8, $9, $10, $11, $12, $13, $14, $15, $16, $17, $18, $19, $20, $21, $22, $23, $24, $25, $26, $27, $28, $29, $30, $31) ORDER BY daily_id", "args": [6269,6270,6271,6272,6273,6274,6275,6276,6277,6278,6279,6280,6281,6282,6283,6284,6285,6286,6287,6288,6289,6290,6291,6292,6293,6294,6295,6296,6297,6298,6299]}
2026-05-19 10:15:50	INFO	QueryContext	{"time": 1779156950, "duration": 0.323583, "conn_id": "QY6UWW0gwUs8U0Gm", "query": "SELECT * FROM  t_wall_note  WHERE daily_id IN ($1, $2, $3, $4, $5, $6, $7, $8, $9, $10, $11, $12, $13, $14, $15, $16, $17, $18, $19, $20, $21, $22, $23, $24, $25, $26, $27, $28, $29, $30, $31) ORDER BY daily_id", "args": [6269,6270,6271,6272,6273,6274,6275,6276,6277,6278,6279,6280,6281,6282,6283,6284,6285,6286,6287,6288,6289,6290,6291,6292,6293,6294,6295,6296,6297,6298,6299]}
2026-05-19 10:15:51	INFO	QueryContext	{"time": 1779156951, "duration": 0.586, "conn_id": "QY6UWW0gwUs8U0Gm", "query": "SELECT * FROM t_wall_daily WHERE bing_date >= $1 AND bing_date < $2 ORDER BY id", "args": ["2026-03-01","2026-04-01"]}
2026-05-19 10:15:51	INFO	QueryContext	{"args": [6269,6270,6271,6272,6273,6274,6275,6276,6277,6278,6279,6280,6281,6282,6283,6284,6285,6286,6287,6288,6289,6290,6291,6292,6293,6294,6295,6296,6297,6298,6299], "time": 1779156951, "duration": 0.4125, "conn_id": "QY6UWW0gwUs8U0Gm", "query": "SELECT * FROM  t_wall_image  WHERE daily_id IN ($1, $2, $3, $4, $5, $6, $7, $8, $9, $10, $11, $12, $13, $14, $15, $16, $17, $18, $19, $20, $21, $22, $23, $24, $25, $26, $27, $28, $29, $30, $31) ORDER BY daily_id"}
2026-05-19 10:15:51	INFO	QueryContext	{"time": 1779156951, "duration": 0.319042, "conn_id": "QY6UWW0gwUs8U0Gm", "query": "SELECT * FROM  t_wall_note  WHERE daily_id IN ($1, $2, $3, $4, $5, $6, $7, $8, $9, $10, $11, $12, $13, $14, $15, $16, $17, $18, $19, $20, $21, $22, $23, $24, $25, $26, $27, $28, $29, $30, $31) ORDER BY daily_id", "args": [6269,6270,6271,6272,6273,6274,6275,6276,6277,6278,6279,6280,6281,6282,6283,6284,6285,6286,6287,6288,6289,6290,6291,6292,6293,6294,6295,6296,6297,6298,6299]}
2026-05-19 10:15:52	INFO	QueryContext	{"time": 1779156952, "duration": 0.751917, "conn_id": "QY6UWW0gwUs8U0Gm", "query": "SELECT * FROM t_wall_daily WHERE bing_date >= $1 AND bing_date < $2 ORDER BY id", "args": ["2026-02-01","2026-03-01"]}
2026-05-19 10:15:52	INFO	QueryContext	{"time": 1779156952, "duration": 0.615, "conn_id": "QY6UWW0gwUs8U0Gm", "query": "SELECT * FROM  t_wall_image  WHERE daily_id IN ($1, $2, $3, $4, $5, $6, $7, $8, $9, $10, $11, $12, $13, $14, $15, $16, $17, $18, $19, $20, $21, $22, $23, $24, $25, $26, $27, $28) ORDER BY daily_id", "args": [6241,6242,6243,6244,6245,6246,6247,6248,6249,6250,6251,6252,6253,6254,6255,6256,6257,6258,6259,6260,6261,6262,6263,6264,6265,6266,6267,6268]}
2026-05-19 10:15:52	INFO	QueryContext	{"time": 1779156952, "duration": 0.531, "conn_id": "QY6UWW0gwUs8U0Gm", "query": "SELECT * FROM  t_wall_note  WHERE daily_id IN ($1, $2, $3, $4, $5, $6, $7, $8, $9, $10, $11, $12, $13, $14, $15, $16, $17, $18, $19, $20, $21, $22, $23, $24, $25, $26, $27, $28) ORDER BY daily_id", "args": [6241,6242,6243,6244,6245,6246,6247,6248,6249,6250,6251,6252,6253,6254,6255,6256,6257,6258,6259,6260,6261,6262,6263,6264,6265,6266,6267,6268]}
2026-05-19 10:15:54	INFO	QueryContext	{"time": 1779156954, "duration": 0.5435, "conn_id": "QY6UWW0gwUs8U0Gm", "query": "SELECT * FROM t_wall_daily WHERE bing_date >= $1 AND bing_date < $2 ORDER BY id", "args": ["2026-02-01","2026-03-01"]}
2026-05-19 10:15:54	INFO	QueryContext	{"query": "SELECT * FROM  t_wall_image  WHERE daily_id IN ($1, $2, $3, $4, $5, $6, $7, $8, $9, $10, $11, $12, $13, $14, $15, $16, $17, $18, $19, $20, $21, $22, $23, $24, $25, $26, $27, $28) ORDER BY daily_id", "args": [6241,6242,6243,6244,6245,6246,6247,6248,6249,6250,6251,6252,6253,6254,6255,6256,6257,6258,6259,6260,6261,6262,6263,6264,6265,6266,6267,6268], "time": 1779156954, "duration": 0.3945, "conn_id": "QY6UWW0gwUs8U0Gm"}
2026-05-19 10:15:54	INFO	QueryContext	{"time": 1779156954, "duration": 0.564375, "conn_id": "QY6UWW0gwUs8U0Gm", "query": "SELECT * FROM  t_wall_note  WHERE daily_id IN ($1, $2, $3, $4, $5, $6, $7, $8, $9, $10, $11, $12, $13, $14, $15, $16, $17, $18, $19, $20, $21, $22, $23, $24, $25, $26, $27, $28) ORDER BY daily_id", "args": [6241,6242,6243,6244,6245,6246,6247,6248,6249,6250,6251,6252,6253,6254,6255,6256,6257,6258,6259,6260,6261,6262,6263,6264,6265,6266,6267,6268]}
2026-05-19 10:15:56	INFO	QueryContext	{"time": 1779156956, "duration": 0.410042, "conn_id": "QY6UWW0gwUs8U0Gm", "query": "SELECT * FROM t_wall_daily WHERE bing_date >= $1 AND bing_date < $2 ORDER BY id", "args": ["2026-05-01","2026-06-01"]}
2026-05-19 10:15:58	INFO	QueryContext	{"time": 1779156958, "duration": 0.423417, "conn_id": "QY6UWW0gwUs8U0Gm", "query": "SELECT * FROM t_wall_daily WHERE bing_date >= $1 AND bing_date < $2 ORDER BY id", "args": ["2026-05-01","2026-06-01"]}
2026-05-19 10:16:01	INFO	QueryContext	{"time": 1779156961, "duration": 0.5935, "conn_id": "QY6UWW0gwUs8U0Gm", "query": "SELECT * FROM t_wall_daily WHERE bing_date >= $1 AND bing_date < $2 ORDER BY id", "args": ["2026-04-01","2026-05-01"]}
2026-05-19 10:16:01	INFO	QueryContext	{"query": "SELECT * FROM  t_wall_image  WHERE daily_id IN ($1, $2, $3, $4, $5, $6, $7, $8, $9, $10, $11, $12, $13, $14, $15, $16, $17, $18, $19, $20, $21, $22, $23, $24, $25, $26, $27, $28, $29, $30) ORDER BY daily_id", "args": [6300,6301,6302,6303,6304,6305,6306,6307,6308,6309,6310,6311,6312,6313,6314,6315,6316,6317,6318,6319,6320,6321,6322,6323,6324,6325,6326,6327,6328,6329], "time": 1779156961, "duration": 0.500708, "conn_id": "QY6UWW0gwUs8U0Gm"}
2026-05-19 10:16:01	INFO	QueryContext	{"time": 1779156961, "duration": 0.403459, "conn_id": "QY6UWW0gwUs8U0Gm", "query": "SELECT * FROM  t_wall_note  WHERE daily_id IN ($1, $2, $3, $4, $5, $6, $7, $8, $9, $10, $11, $12, $13, $14, $15, $16, $17, $18, $19, $20, $21, $22, $23, $24, $25, $26, $27, $28, $29, $30) ORDER BY daily_id", "args": [6300,6301,6302,6303,6304,6305,6306,6307,6308,6309,6310,6311,6312,6313,6314,6315,6316,6317,6318,6319,6320,6321,6322,6323,6324,6325,6326,6327,6328,6329]}
2026-05-19 10:16:06	INFO	QueryContext	{"time": 1779156966, "duration": 0.469458, "conn_id": "QY6UWW0gwUs8U0Gm", "query": "SELECT * FROM t_wall_daily WHERE bing_date >= $1 AND bing_date < $2 ORDER BY id", "args": ["2026-05-01","2026-06-01"]}
2026-05-19 10:22:02	INFO	QueryContext	{"conn_id": "wiMGguQ_2uiYCuEI", "query": "SELECT * FROM t_wall_daily WHERE bing_date IN ($1, $2, $3, $4, $5, $6, $7, $8)", "args": ["2026-05-12","2026-05-11","2026-05-10","2026-05-09","2026-05-08","2026-05-07","2026-05-06","2026-05-05"], "time": 1779157322, "duration": 2.397542}
2026-05-19 10:22:02	INFO	PrepareContext	{"duration": 0.326791, "conn_id": "wiMGguQ_2uiYCuEI", "query": "INSERT INTO t_wall_daily (id, guid, bing_date, bing_sku, title, headline, color, max_dpi) VALUES ($1, $2, $3, $4, $5, $6, $7, $8)", "stmt_id": "8iQmkQM_oikCI0IM", "time": 1779157322}
2026-05-19 10:22:02	INFO	StmtExecContext	{"args": [6341,"","2026-05-12T00:00:00Z","Fratercula_ZH-CN1239275412","北极海鹦, 威尔士 ","振翅, 潜水, 生存","","0x0"], "time": 1779157322, "duration": 3.060417, "conn_id": "wiMGguQ_2uiYCuEI", "stmt_id": "8iQmkQM_oikCI0IM", "query": "INSERT INTO t_wall_daily (id, guid, bing_date, bing_sku, title, headline, color, max_dpi) VALUES ($1, $2, $3, $4, $5, $6, $7, $8)"}
2026-05-19 10:22:02	INFO	StmtExecContext	{"time": 1779157322, "duration": 0.633667, "conn_id": "wiMGguQ_2uiYCuEI", "stmt_id": "8iQmkQM_oikCI0IM", "query": "INSERT INTO t_wall_daily (id, guid, bing_date, bing_sku, title, headline, color, max_dpi) VALUES ($1, $2, $3, $4, $5, $6, $7, $8)", "args": [6340,"","2026-05-11T00:00:00Z","QueenslandReef_ZH-CN1138150002","从上方俯瞰大堡礁, 昆士兰州, 澳大利亚 ","水下建筑","","0x0"]}
2026-05-19 10:22:02	INFO	StmtExecContext	{"duration": 0.40075, "conn_id": "wiMGguQ_2uiYCuEI", "stmt_id": "8iQmkQM_oikCI0IM", "query": "INSERT INTO t_wall_daily (id, guid, bing_date, bing_sku, title, headline, color, max_dpi) VALUES ($1, $2, $3, $4, $5, $6, $7, $8)", "args": [6339,"","2026-05-10T00:00:00Z","MotherCub_ZH-CN0999123163","北极熊妈妈和幼崽在瓦普斯克国家公园玩耍, 马\ufffd\ufffd (22 bytes truncated)","一份经久不衰的羁绊","","0x0"], "time": 1779157322}
2026-05-19 10:22:02	INFO	StmtExecContext	{"duration": 0.636459, "conn_id": "wiMGguQ_2uiYCuEI", "stmt_id": "8iQmkQM_oikCI0IM", "query": "INSERT INTO t_wall_daily (id, guid, bing_date, bing_sku, title, headline, color, max_dpi) VALUES ($1, $2, $3, $4, $5, $6, $7, $8)", "args": [6338,"","2026-05-09T00:00:00Z","SkradinskiBuk_ZH-CN0882603359","克尔卡国家公园的斯克拉丁斯基布克瀑布, 克罗\ufffd\ufffd (5 bytes truncated)","克尔卡的造物主","","0x0"], "time": 1779157322}
2026-05-19 10:22:02	INFO	StmtExecContext	{"time": 1779157322, "duration": 0.658292, "conn_id": "wiMGguQ_2uiYCuEI", "stmt_id": "8iQmkQM_oikCI0IM", "query": "INSERT INTO t_wall_daily (id, guid, bing_date, bing_sku, title, headline, color, max_dpi) VALUES ($1, $2, $3, $4, $5, $6, $7, $8)", "args": [6337,"","2026-05-08T00:00:00Z","SardinianDonkey_ZH-CN0758031524","撒丁岛母驴和幼崽, 法国 ","不仅仅是一声咿呀学语","","0x0"]}
2026-05-19 10:22:02	INFO	StmtExecContext	{"stmt_id": "8iQmkQM_oikCI0IM", "query": "INSERT INTO t_wall_daily (id, guid, bing_date, bing_sku, title, headline, color, max_dpi) VALUES ($1, $2, $3, $4, $5, $6, $7, $8)", "args": [6336,"","2026-05-07T00:00:00Z","Kofa_ZH-CN0584573563","科法国家野生动物保护区，亚利桑那州，美国 ","广袤铺展的沙漠","","0x0"], "time": 1779157322, "duration": 0.537875, "conn_id": "wiMGguQ_2uiYCuEI"}
2026-05-19 10:22:02	INFO	StmtExecContext	{"query": "INSERT INTO t_wall_daily (id, guid, bing_date, bing_sku, title, headline, color, max_dpi) VALUES ($1, $2, $3, $4, $5, $6, $7, $8)", "args": [6335,"","2026-05-06T00:00:00Z","BulgariaPlains_ZH-CN3853985252","平原上空的雷暴，保加利亚 ","承受压力之下的平原","","0x0"], "time": 1779157322, "duration": 0.430583, "conn_id": "wiMGguQ_2uiYCuEI", "stmt_id": "8iQmkQM_oikCI0IM"}
2026-05-19 10:22:02	INFO	StmtExecContext	{"args": [6334,"","2026-05-05T00:00:00Z","BeginningofSummerY26_ZH-CN7628545617","莲花与莲花植株 ","藕花风起，首夏清和","","0x0"], "time": 1779157322, "duration": 0.222708, "conn_id": "wiMGguQ_2uiYCuEI", "stmt_id": "8iQmkQM_oikCI0IM", "query": "INSERT INTO t_wall_daily (id, guid, bing_date, bing_sku, title, headline, color, max_dpi) VALUES ($1, $2, $3, $4, $5, $6, $7, $8)"}
2026-05-19 10:22:02	INFO	ExecContext	{"time": 1779157322, "duration": 2.813625, "conn_id": "wiMGguQ_2uiYCuEI", "query": "INSERT INTO t_wall_image (id, daily_id, file_name, img_md5, img_size, img_offset, img_width, img_height) VALUES ($1, $2, $3, $4, $5, $6, $7, $8) ON CONFLICT (id) DO NOTHING", "args": [12681,6341,"thumb/2026/20260512.jpg","3e4daaa3ba6c151753fff260c4d3d74c",10838,0,400,240]}
2026-05-19 10:22:02	INFO	ExecContext	{"query": "INSERT INTO t_wall_image (id, daily_id, file_name, img_md5, img_size, img_offset, img_width, img_height) VALUES ($1, $2, $3, $4, $5, $6, $7, $8) ON CONFLICT (id) DO NOTHING", "args": [12682,6341,"image/202605/20260512.jpg","5870e89ad5e6dcdc1be929d3e089961b",2850497,0,3840,2160], "time": 1779157322, "duration": 1.700084, "conn_id": "wiMGguQ_2uiYCuEI"}
2026-05-19 10:22:02	INFO	ExecContext	{"time": 1779157322, "duration": 0.85025, "conn_id": "wiMGguQ_2uiYCuEI", "query": "INSERT INTO t_wall_image (id, daily_id, file_name, img_md5, img_size, img_offset, img_width, img_height) VALUES ($1, $2, $3, $4, $5, $6, $7, $8) ON CONFLICT (id) DO NOTHING", "args": [12679,6340,"thumb/2026/20260511.jpg","090759c928d5ee54e06341473aa299b6",22837,0,400,240]}
2026-05-19 10:22:02	INFO	ExecContext	{"time": 1779157322, "duration": 1.708125, "conn_id": "wiMGguQ_2uiYCuEI", "query": "INSERT INTO t_wall_image (id, daily_id, file_name, img_md5, img_size, img_offset, img_width, img_height) VALUES ($1, $2, $3, $4, $5, $6, $7, $8) ON CONFLICT (id) DO NOTHING", "args": [12680,6340,"image/202605/20260511.jpg","29664c81e2d8fd20f91f2980337c4c69",3654054,0,3840,2160]}
2026-05-19 10:22:02	INFO	ExecContext	{"time": 1779157322, "duration": 1.013708, "conn_id": "wiMGguQ_2uiYCuEI", "query": "INSERT INTO t_wall_image (id, daily_id, file_name, img_md5, img_size, img_offset, img_width, img_height) VALUES ($1, $2, $3, $4, $5, $6, $7, $8) ON CONFLICT (id) DO NOTHING", "args": [12677,6339,"thumb/2026/20260510.jpg","bed3381b1229ae79bc134912974331ae",10173,0,400,240]}
2026-05-19 10:22:02	INFO	ExecContext	{"time": 1779157322, "duration": 1.182708, "conn_id": "wiMGguQ_2uiYCuEI", "query": "INSERT INTO t_wall_image (id, daily_id, file_name, img_md5, img_size, img_offset, img_width, img_height) VALUES ($1, $2, $3, $4, $5, $6, $7, $8) ON CONFLICT (id) DO NOTHING", "args": [12678,6339,"image/202605/20260510.jpg","2ad9bc6a8647c3ca2007185e7887b958",3576853,0,3840,2160]}
2026-05-19 10:22:02	INFO	ExecContext	{"conn_id": "wiMGguQ_2uiYCuEI", "query": "INSERT INTO t_wall_image (id, daily_id, file_name, img_md5, img_size, img_offset, img_width, img_height) VALUES ($1, $2, $3, $4, $5, $6, $7, $8) ON CONFLICT (id) DO NOTHING", "args": [12675,6338,"thumb/2026/20260509.jpg","ec472df4b83db055f00d096779b8f4ba",28978,0,400,240], "time": 1779157322, "duration": 0.927667}
2026-05-19 10:22:02	INFO	ExecContext	{"time": 1779157322, "duration": 1.799625, "conn_id": "wiMGguQ_2uiYCuEI", "query": "INSERT INTO t_wall_image (id, daily_id, file_name, img_md5, img_size, img_offset, img_width, img_height) VALUES ($1, $2, $3, $4, $5, $6, $7, $8) ON CONFLICT (id) DO NOTHING", "args": [12676,6338,"image/202605/20260509.jpg","09bee2b54f451193a140c2a9dc98358e",3703492,0,3840,2160]}
2026-05-19 10:22:02	INFO	ExecContext	{"args": [12673,6337,"thumb/2026/20260508.jpg","efc2eb3879f8c46c9c58c798c14f0320",20183,0,400,240], "time": 1779157322, "duration": 0.886, "conn_id": "wiMGguQ_2uiYCuEI", "query": "INSERT INTO t_wall_image (id, daily_id, file_name, img_md5, img_size, img_offset, img_width, img_height) VALUES ($1, $2, $3, $4, $5, $6, $7, $8) ON CONFLICT (id) DO NOTHING"}
2026-05-19 10:22:02	INFO	ExecContext	{"query": "INSERT INTO t_wall_image (id, daily_id, file_name, img_md5, img_size, img_offset, img_width, img_height) VALUES ($1, $2, $3, $4, $5, $6, $7, $8) ON CONFLICT (id) DO NOTHING", "args": [12674,6337,"image/202605/20260508.jpg","29b7f10ff7f8936310107366cb16a309",3664828,0,3840,2160], "time": 1779157322, "duration": 0.709375, "conn_id": "wiMGguQ_2uiYCuEI"}
2026-05-19 10:22:02	INFO	ExecContext	{"time": 1779157322, "duration": 0.804333, "conn_id": "wiMGguQ_2uiYCuEI", "query": "INSERT INTO t_wall_image (id, daily_id, file_name, img_md5, img_size, img_offset, img_width, img_height) VALUES ($1, $2, $3, $4, $5, $6, $7, $8) ON CONFLICT (id) DO NOTHING", "args": [12671,6336,"thumb/2026/20260507.jpg","8a540e95f99c85136e03fa9b4eba0955",27987,0,400,240]}
2026-05-19 10:22:02	INFO	ExecContext	{"time": 1779157322, "duration": 0.994334, "conn_id": "wiMGguQ_2uiYCuEI", "query": "INSERT INTO t_wall_image (id, daily_id, file_name, img_md5, img_size, img_offset, img_width, img_height) VALUES ($1, $2, $3, $4, $5, $6, $7, $8) ON CONFLICT (id) DO NOTHING", "args": [12672,6336,"image/202605/20260507.jpg","4bb452e59560a707c1861ae5fa90a55b",3661520,0,3840,2160]}
2026-05-19 10:22:02	INFO	ExecContext	{"args": [12669,6335,"thumb/2026/20260506.jpg","efd4170649e66debefb691fd1f6ed092",14768,0,400,240], "time": 1779157322, "duration": 0.663875, "conn_id": "wiMGguQ_2uiYCuEI", "query": "INSERT INTO t_wall_image (id, daily_id, file_name, img_md5, img_size, img_offset, img_width, img_height) VALUES ($1, $2, $3, $4, $5, $6, $7, $8) ON CONFLICT (id) DO NOTHING"}
2026-05-19 10:22:02	INFO	ExecContext	{"time": 1779157322, "duration": 0.630125, "conn_id": "wiMGguQ_2uiYCuEI", "query": "INSERT INTO t_wall_image (id, daily_id, file_name, img_md5, img_size, img_offset, img_width, img_height) VALUES ($1, $2, $3, $4, $5, $6, $7, $8) ON CONFLICT (id) DO NOTHING", "args": [12670,6335,"image/202605/20260506.jpg","6a5bfd2833e584e235e507f4d09da462",3611833,0,3840,2160]}
2026-05-19 10:22:02	INFO	ExecContext	{"query": "INSERT INTO t_wall_image (id, daily_id, file_name, img_md5, img_size, img_offset, img_width, img_height) VALUES ($1, $2, $3, $4, $5, $6, $7, $8) ON CONFLICT (id) DO NOTHING", "args": [12667,6334,"thumb/2026/20260505.jpg","20624ae419d6c643b0c414b07963aa43",13874,0,400,240], "time": 1779157322, "duration": 2.136125, "conn_id": "wiMGguQ_2uiYCuEI"}
2026-05-19 10:22:02	INFO	ExecContext	{"conn_id": "wiMGguQ_2uiYCuEI", "query": "INSERT INTO t_wall_image (id, daily_id, file_name, img_md5, img_size, img_offset, img_width, img_height) VALUES ($1, $2, $3, $4, $5, $6, $7, $8) ON CONFLICT (id) DO NOTHING", "args": [12668,6334,"image/202605/20260505.jpg","287abdd032b3237268c55893b9813272",3428366,0,3840,2160], "time": 1779157322, "duration": 0.703875}
2026-05-19 10:22:02	INFO	ExecContext	{"duration": 0.988875, "conn_id": "wiMGguQ_2uiYCuEI", "query": "UPDATE t_wall_daily SET max_dpi = $1 WHERE id IN (6341, 6340, 6339, 6338, 6337, 6336, 6335, 6334)", "args": ["3840x2160"], "time": 1779157322}
2026-05-19 10:22:03	INFO	QueryContext	{"time": 1779157323, "duration": 0.535792, "conn_id": "wiMGguQ_2uiYCuEI", "query": "SELECT * FROM t_wall_daily WHERE bing_date IN ($1, $2, $3, $4, $5, $6, $7, $8)", "args": ["2026-05-19","2026-05-18","2026-05-17","2026-05-16","2026-05-15","2026-05-14","2026-05-13","2026-05-12"]}
2026-05-19 10:22:03	INFO	ExecContext	{"args": ["260ca4df39","(174, 139, 73)","2026-05-12"], "time": 1779157323, "duration": 0.729666, "conn_id": "wiMGguQ_2uiYCuEI", "query": "UPDATE t_wall_daily SET guid = $1, color = $2 WHERE bing_date = $3"}
2026-05-19 10:22:03	INFO	PrepareContext	{"time": 1779157323, "duration": 0.159709, "conn_id": "wiMGguQ_2uiYCuEI", "query": "INSERT INTO t_wall_daily (id, guid, bing_date, bing_sku, title, headline, color, max_dpi) VALUES ($1, $2, $3, $4, $5, $6, $7, $8)", "stmt_id": "6g4IUQGI_kySck_i"}
2026-05-19 10:22:03	INFO	StmtExecContext	{"conn_id": "wiMGguQ_2uiYCuEI", "stmt_id": "6g4IUQGI_kySck_i", "query": "INSERT INTO t_wall_daily (id, guid, bing_date, bing_sku, title, headline, color, max_dpi) VALUES ($1, $2, $3, $4, $5, $6, $7, $8)", "args": [6348,"bfddc743a0","2026-05-19T00:00:00Z","SpainLighthouse_ZH-CN6024263415","福门托尔灯塔, 马略卡, 巴利阿里群岛, 西班牙","马略卡岛的边缘","(43, 122, 159)","0x0"], "time": 1779157323, "duration": 0.778708}
2026-05-19 10:22:03	INFO	StmtExecContext	{"time": 1779157323, "duration": 0.556583, "conn_id": "wiMGguQ_2uiYCuEI", "stmt_id": "6g4IUQGI_kySck_i", "query": "INSERT INTO t_wall_daily (id, guid, bing_date, bing_sku, title, headline, color, max_dpi) VALUES ($1, $2, $3, $4, $5, $6, $7, $8)", "args": [6347,"b95ef9bb1d","2026-05-18T00:00:00Z","MuseumLondon_ZH-CN5602977820","伦敦自然历史博物馆, 英格兰","大厅里的希望","(45, 35, 28)","0x0"]}
2026-05-19 10:22:03	INFO	StmtExecContext	{"args": [6346,"ec20a82502","2026-05-17T00:00:00Z","ShenandoahSunset_ZH-CN4399136794","仙纳度国家公园的玳瑁峰, 弗吉尼亚州, 美国","静谧之巅，喧嚣之景","(186, 163, 180)","0x0"], "time": 1779157323, "duration": 0.406542, "conn_id": "wiMGguQ_2uiYCuEI", "stmt_id": "6g4IUQGI_kySck_i", "query": "INSERT INTO t_wall_daily (id, guid, bing_date, bing_sku, title, headline, color, max_dpi) VALUES ($1, $2, $3, $4, $5, $6, $7, $8)"}
2026-05-19 10:22:03	INFO	StmtExecContext	{"time": 1779157323, "duration": 0.295458, "conn_id": "wiMGguQ_2uiYCuEI", "stmt_id": "6g4IUQGI_kySck_i", "query": "INSERT INTO t_wall_daily (id, guid, bing_date, bing_sku, title, headline, color, max_dpi) VALUES ($1, $2, $3, $4, $5, $6, $7, $8)", "args": [6345,"3725b5fa7c","2026-05-16T00:00:00Z","SmithRockPark_ZH-CN4210144402","史密斯岩州立公园, 俄勒冈州, 美国","跌到谷底？这里可不是。","(114, 79, 55)","0x0"]}
2026-05-19 10:22:03	INFO	StmtExecContext	{"stmt_id": "6g4IUQGI_kySck_i", "query": "INSERT INTO t_wall_daily (id, guid, bing_date, bing_sku, title, headline, color, max_dpi) VALUES ($1, $2, $3, $4, $5, $6, $7, $8)", "args": [6344,"31708a18e6","2026-05-15T00:00:00Z","EndangeredWhales_ZH-CN4053106967","一群抹香鲸, 印度洋","鲸鱼，你会救我吗？","(36, 94, 137)","0x0"], "time": 1779157323, "duration": 0.221833, "conn_id": "wiMGguQ_2uiYCuEI"}
2026-05-19 10:22:03	INFO	StmtExecContext	{"time": 1779157323, "duration": 0.580416, "conn_id": "wiMGguQ_2uiYCuEI", "stmt_id": "6g4IUQGI_kySck_i", "query": "INSERT INTO t_wall_daily (id, guid, bing_date, bing_sku, title, headline, color, max_dpi) VALUES ($1, $2, $3, $4, $5, $6, $7, $8)", "args": [6343,"cc1b27fa4d","2026-05-14T00:00:00Z","Pitigliano_ZH-CN1509921892","中世纪古镇皮蒂利亚诺, 托斯卡纳, 意大利","一场穿越时空的旅程","(196, 199, 202)","0x0"]}
2026-05-19 10:22:03	INFO	StmtExecContext	{"stmt_id": "6g4IUQGI_kySck_i", "query": "INSERT INTO t_wall_daily (id, guid, bing_date, bing_sku, title, headline, color, max_dpi) VALUES ($1, $2, $3, $4, $5, $6, $7, $8)", "args": [6342,"48411aab38","2026-05-13T00:00:00Z","AlabamaHills_ZH-CN1387018045","拱门与银河, 阿拉巴马山, 内华达山脉, 加利福尼\ufffd (13 bytes truncated)","银河系，摇滚吧！","(68, 64, 80)","0x0"], "time": 1779157323, "duration": 0.308709, "conn_id": "wiMGguQ_2uiYCuEI"}
2026-05-19 10:22:03	INFO	QueryContext	{"time": 1779157323, "duration": 0.29275, "conn_id": "wiMGguQ_2uiYCuEI", "query": "SELECT * FROM t_wall_daily ORDER BY id DESC LIMIT $1 OFFSET $2", "args": [5,1]}
2026-05-19 10:22:03	INFO	QueryContext	{"time": 1779157323, "duration": 0.898708, "conn_id": "wiMGguQ_2uiYCuEI", "query": "SELECT * FROM  t_wall_note  WHERE daily_id IN ($1, $2, $3, $4, $5) ORDER BY daily_id", "args": [6347,6346,6345,6344,6343]}
2026-05-19 10:22:04	INFO	PrepareContext	{"duration": 0.294542, "conn_id": "wiMGguQ_2uiYCuEI", "query": "INSERT INTO t_wall_note (daily_id, note_type, note_chinese, note_english) VALUES ($1, $2, $3, $4) RETURNING id", "stmt_id": "8cmMmSiUGc8Cy8W6", "time": 1779157324}
2026-05-19 10:22:04	INFO	StmtQueryContext	{"query": "INSERT INTO t_wall_note (daily_id, note_type, note_chinese, note_english) VALUES ($1, $2, $3, $4) RETURNING id", "args": [6343,"title","中世纪古镇皮蒂利亚诺, 托斯卡纳, 意大利","Medieval town of Pitigliano, Tuscany, Italy"], "time": 1779157324, "duration": 0.899291, "conn_id": "wiMGguQ_2uiYCuEI", "stmt_id": "8cmMmSiUGc8Cy8W6"}
2026-05-19 10:22:04	INFO	StmtQueryContext	{"time": 1779157324, "duration": 0.3905, "conn_id": "wiMGguQ_2uiYCuEI", "stmt_id": "8cmMmSiUGc8Cy8W6", "query": "INSERT INTO t_wall_note (daily_id, note_type, note_chinese, note_english) VALUES ($1, $2, $3, $4) RETURNING id", "args": [6343,"headline","一场穿越时空的旅程","A journey through time"]}
2026-05-19 10:22:04	INFO	StmtQueryContext	{"time": 1779157324, "duration": 0.532833, "conn_id": "wiMGguQ_2uiYCuEI", "stmt_id": "8cmMmSiUGc8Cy8W6", "query": "INSERT INTO t_wall_note (daily_id, note_type, note_chinese, note_english) VALUES ($1, $2, $3, $4) RETURNING id", "args": [6343,"description","<p>皮蒂利亚诺坐落在意大利托斯卡纳南部的一处\ufffd (1102 bytes truncated)","<p>Perched on a tufa ridge in southern Tuscany, Italy, Pitiglian (965 bytes truncated)"]}
2026-05-19 10:22:04	INFO	StmtQueryContext	{"args": [6344,"title","一群抹香鲸, 印度洋","A family of sperm whales, Indian Ocean"], "time": 1779157324, "duration": 0.22825, "conn_id": "wiMGguQ_2uiYCuEI", "stmt_id": "8cmMmSiUGc8Cy8W6", "query": "INSERT INTO t_wall_note (daily_id, note_type, note_chinese, note_english) VALUES ($1, $2, $3, $4) RETURNING id"}
2026-05-19 10:22:04	INFO	StmtQueryContext	{"args": [6344,"headline","鲸鱼，你会救我吗？","Whale you save me?"], "time": 1779157324, "duration": 0.159958, "conn_id": "wiMGguQ_2uiYCuEI", "stmt_id": "8cmMmSiUGc8Cy8W6", "query": "INSERT INTO t_wall_note (daily_id, note_type, note_chinese, note_english) VALUES ($1, $2, $3, $4) RETURNING id"}
2026-05-19 10:22:04	INFO	StmtQueryContext	{"args": [6344,"description","<p>集智慧、力量与惊人的深潜本领于一身——抹\ufffd (1267 bytes truncated)","<p>Brains, brawn, and a serious case of going deep—the sperm w (959 bytes truncated)"], "time": 1779157324, "duration": 0.263417, "conn_id": "wiMGguQ_2uiYCuEI", "stmt_id": "8cmMmSiUGc8Cy8W6", "query": "INSERT INTO t_wall_note (daily_id, note_type, note_chinese, note_english) VALUES ($1, $2, $3, $4) RETURNING id"}
2026-05-19 10:22:04	INFO	StmtQueryContext	{"time": 1779157324, "duration": 0.131417, "conn_id": "wiMGguQ_2uiYCuEI", "stmt_id": "8cmMmSiUGc8Cy8W6", "query": "INSERT INTO t_wall_note (daily_id, note_type, note_chinese, note_english) VALUES ($1, $2, $3, $4) RETURNING id", "args": [6345,"title","史密斯岩州立公园, 俄勒冈州, 美国","Smith Rock State Park, Oregon"]}
2026-05-19 10:22:04	INFO	StmtQueryContext	{"time": 1779157324, "duration": 0.133, "conn_id": "wiMGguQ_2uiYCuEI", "stmt_id": "8cmMmSiUGc8Cy8W6", "query": "INSERT INTO t_wall_note (daily_id, note_type, note_chinese, note_english) VALUES ($1, $2, $3, $4) RETURNING id", "args": [6345,"headline","跌到谷底？这里可不是。","Rock bottom? Not here"]}
2026-05-19 10:22:04	INFO	StmtQueryContext	{"time": 1779157324, "duration": 0.336166, "conn_id": "wiMGguQ_2uiYCuEI", "stmt_id": "8cmMmSiUGc8Cy8W6", "query": "INSERT INTO t_wall_note (daily_id, note_type, note_chinese, note_english) VALUES ($1, $2, $3, $4) RETURNING id", "args": [6345,"description","<p>你会如何称呼这样一个地方：在这里，是岩石\ufffd (1325 bytes truncated)","<p>What do you call a place where the rocks do the climbing, and (913 bytes truncated)"]}
2026-05-19 10:22:04	INFO	StmtQueryContext	{"time": 1779157324, "duration": 0.151125, "conn_id": "wiMGguQ_2uiYCuEI", "stmt_id": "8cmMmSiUGc8Cy8W6", "query": "INSERT INTO t_wall_note (daily_id, note_type, note_chinese, note_english) VALUES ($1, $2, $3, $4) RETURNING id", "args": [6346,"title","仙纳度国家公园的玳瑁峰, 弗吉尼亚州, 美国","Hawksbill Mountain in Shenandoah National Park, Virginia"]}
2026-05-19 10:22:04	INFO	StmtQueryContext	{"args": [6346,"headline","静谧之巅，喧嚣之景","Quiet peak, loud view"], "time": 1779157324, "duration": 0.100708, "conn_id": "wiMGguQ_2uiYCuEI", "stmt_id": "8cmMmSiUGc8Cy8W6", "query": "INSERT INTO t_wall_note (daily_id, note_type, note_chinese, note_english) VALUES ($1, $2, $3, $4) RETURNING id"}
2026-05-19 10:22:04	INFO	StmtQueryContext	{"stmt_id": "8cmMmSiUGc8Cy8W6", "query": "INSERT INTO t_wall_note (daily_id, note_type, note_chinese, note_english) VALUES ($1, $2, $3, $4) RETURNING id", "args": [6346,"description","<p>究竟要多高，才能尽享绝佳美景？在美国东部\ufffd (1254 bytes truncated)","<p>How high is high enough for a great view? In the eastern Unit (977 bytes truncated)"], "time": 1779157324, "duration": 0.299209, "conn_id": "wiMGguQ_2uiYCuEI"}
2026-05-19 10:22:04	INFO	StmtQueryContext	{"time": 1779157324, "duration": 0.126, "conn_id": "wiMGguQ_2uiYCuEI", "stmt_id": "8cmMmSiUGc8Cy8W6", "query": "INSERT INTO t_wall_note (daily_id, note_type, note_chinese, note_english) VALUES ($1, $2, $3, $4) RETURNING id", "args": [6347,"title","伦敦自然历史博物馆, 英格兰","Natural History Museum, London, England"]}
2026-05-19 10:22:04	INFO	StmtQueryContext	{"conn_id": "wiMGguQ_2uiYCuEI", "stmt_id": "8cmMmSiUGc8Cy8W6", "query": "INSERT INTO t_wall_note (daily_id, note_type, note_chinese, note_english) VALUES ($1, $2, $3, $4) RETURNING id", "args": [6347,"headline","大厅里的希望","Hope in the hall"], "time": 1779157324, "duration": 0.108958}
2026-05-19 10:22:04	INFO	StmtQueryContext	{"stmt_id": "8cmMmSiUGc8Cy8W6", "query": "INSERT INTO t_wall_note (daily_id, note_type, note_chinese, note_english) VALUES ($1, $2, $3, $4) RETURNING id", "args": [6347,"description","<p>当你步入博物馆，时光仿佛瞬间流转。一枚化\ufffd (1256 bytes truncated)","<p>You walk into a museum, and suddenly time shifts. A fossil hi (1015 bytes truncated)"], "time": 1779157324, "duration": 0.141834, "conn_id": "wiMGguQ_2uiYCuEI"}
2026-05-19 10:22:50	INFO	QueryContext	{"time": 1779157370, "duration": 0.852459, "conn_id": "QY6UWW0gwUs8U0Gm", "query": "SELECT * FROM t_wall_daily WHERE bing_date >= $1 AND bing_date < $2 ORDER BY id", "args": ["2026-05-01","2026-06-01"]}
2026-05-19 10:22:50	INFO	QueryContext	{"time": 1779157370, "duration": 0.815, "conn_id": "QY6UWW0gwUs8U0Gm", "query": "SELECT * FROM  t_wall_image  WHERE daily_id IN ($1, $2, $3, $4, $5, $6, $7, $8, $9, $10, $11, $12, $13, $14, $15) ORDER BY daily_id", "args": [6334,6335,6336,6337,6338,6339,6340,6341,6342,6343,6344,6345,6346,6347,6348]}
2026-05-19 10:22:50	INFO	QueryContext	{"time": 1779157370, "duration": 0.63825, "conn_id": "QY6UWW0gwUs8U0Gm", "query": "SELECT * FROM  t_wall_note  WHERE daily_id IN ($1, $2, $3, $4, $5, $6, $7, $8, $9, $10, $11, $12, $13, $14, $15) ORDER BY daily_id", "args": [6334,6335,6336,6337,6338,6339,6340,6341,6342,6343,6344,6345,6346,6347,6348]}
2026-05-19 10:22:53	INFO	QueryContext	{"args": ["2026-05-01","2026-06-01"], "time": 1779157373, "duration": 0.666791, "conn_id": "QY6UWW0gwUs8U0Gm", "query": "SELECT * FROM t_wall_daily WHERE bing_date >= $1 AND bing_date < $2 ORDER BY id"}
2026-05-19 10:22:53	INFO	QueryContext	{"time": 1779157373, "duration": 0.372209, "conn_id": "QY6UWW0gwUs8U0Gm", "query": "SELECT * FROM  t_wall_image  WHERE daily_id IN ($1, $2, $3, $4, $5, $6, $7, $8, $9, $10, $11, $12, $13, $14, $15) ORDER BY daily_id", "args": [6334,6335,6336,6337,6338,6339,6340,6341,6342,6343,6344,6345,6346,6347,6348]}
2026-05-19 10:22:53	INFO	QueryContext	{"args": [6334,6335,6336,6337,6338,6339,6340,6341,6342,6343,6344,6345,6346,6347,6348], "time": 1779157373, "duration": 0.327917, "conn_id": "QY6UWW0gwUs8U0Gm", "query": "SELECT * FROM  t_wall_note  WHERE daily_id IN ($1, $2, $3, $4, $5, $6, $7, $8, $9, $10, $11, $12, $13, $14, $15) ORDER BY daily_id"}
2026-05-19 10:39:52	INFO	QueryContext	{"query": "SELECT * FROM t_wall_daily WHERE bing_date >= $1 AND bing_date < $2 ORDER BY id", "args": ["2026-05-01","2026-06-01"], "time": 1779158392, "duration": 1.637209, "conn_id": "QY6UWW0gwUs8U0Gm"}
2026-05-19 10:39:52	INFO	QueryContext	{"conn_id": "QY6UWW0gwUs8U0Gm", "query": "SELECT * FROM  t_wall_image  WHERE daily_id IN ($1, $2, $3, $4, $5, $6, $7, $8, $9, $10, $11, $12, $13, $14, $15) ORDER BY daily_id", "args": [6334,6335,6336,6337,6338,6339,6340,6341,6342,6343,6344,6345,6346,6347,6348], "time": 1779158392, "duration": 0.554125}
2026-05-19 10:39:52	INFO	QueryContext	{"args": [6334,6335,6336,6337,6338,6339,6340,6341,6342,6343,6344,6345,6346,6347,6348], "time": 1779158392, "duration": 0.491041, "conn_id": "QY6UWW0gwUs8U0Gm", "query": "SELECT * FROM  t_wall_note  WHERE daily_id IN ($1, $2, $3, $4, $5, $6, $7, $8, $9, $10, $11, $12, $13, $14, $15) ORDER BY daily_id"}
