2026-02-09 10:21:52	INFO	QueryContext	{"time": 1770603712, "duration": 1.771375, "conn_id": "I0wYiuIuyMSceCEe", "query": "SELECT * FROM t_wall_daily WHERE bing_date >= $1 AND bing_date < $2 ORDER BY id", "args": ["2026-02-01","2026-03-01"]}
2026-02-09 10:21:52	INFO	QueryContext	{"time": 1770603712, "duration": 0.709333, "conn_id": "I0wYiuIuyMSceCEe", "query": "SELECT * FROM  t_wall_image  WHERE daily_id IN ($1, $2, $3, $4, $5, $6, $7, $8) ORDER BY daily_id", "args": [6241,6242,6243,6244,6245,6246,6247,6248]}
2026-02-09 10:21:52	INFO	QueryContext	{"time": 1770603712, "duration": 0.664, "conn_id": "I0wYiuIuyMSceCEe", "query": "SELECT * FROM  t_wall_note  WHERE daily_id IN ($1, $2, $3, $4, $5, $6, $7, $8) ORDER BY daily_id", "args": [6241,6242,6243,6244,6245,6246,6247,6248]}
2026-02-09 16:31:21	INFO	QueryContext	{"args": ["2026-02-01","2026-03-01"], "time": 1770625881, "duration": 0.897958, "conn_id": "I0wYiuIuyMSceCEe", "query": "SELECT * FROM t_wall_daily WHERE bing_date >= $1 AND bing_date < $2 ORDER BY id"}
2026-02-09 16:31:21	INFO	QueryContext	{"conn_id": "I0wYiuIuyMSceCEe", "query": "SELECT * FROM  t_wall_image  WHERE daily_id IN ($1, $2, $3, $4, $5, $6, $7, $8, $9) ORDER BY daily_id", "args": [6241,6242,6243,6244,6245,6246,6247,6248,6249], "time": 1770625881, "duration": 0.385334}
2026-02-09 16:31:21	INFO	QueryContext	{"args": [6241,6242,6243,6244,6245,6246,6247,6248,6249], "time": 1770625881, "duration": 0.610334, "conn_id": "I0wYiuIuyMSceCEe", "query": "SELECT * FROM  t_wall_note  WHERE daily_id IN ($1, $2, $3, $4, $5, $6, $7, $8, $9) ORDER BY daily_id"}
2026-02-09 16:31:25	INFO	QueryContext	{"time": 1770625885, "duration": 0.974375, "conn_id": "I0wYiuIuyMSceCEe", "query": "SELECT * FROM t_wall_daily WHERE bing_date >= $1 AND bing_date < $2 ORDER BY id", "args": ["2026-02-01","2026-03-01"]}
2026-02-09 16:31:25	INFO	QueryContext	{"time": 1770625885, "duration": 0.366375, "conn_id": "I0wYiuIuyMSceCEe", "query": "SELECT * FROM  t_wall_image  WHERE daily_id IN ($1, $2, $3, $4, $5, $6, $7, $8, $9) ORDER BY daily_id", "args": [6241,6242,6243,6244,6245,6246,6247,6248,6249]}
2026-02-09 16:31:25	INFO	QueryContext	{"time": 1770625885, "duration": 0.307167, "conn_id": "I0wYiuIuyMSceCEe", "query": "SELECT * FROM  t_wall_note  WHERE daily_id IN ($1, $2, $3, $4, $5, $6, $7, $8, $9) ORDER BY daily_id", "args": [6241,6242,6243,6244,6245,6246,6247,6248,6249]}
2026-02-09 16:31:26	INFO	QueryContext	{"time": 1770625886, "duration": 0.969, "conn_id": "I0wYiuIuyMSceCEe", "query": "SELECT * FROM t_wall_daily WHERE bing_date >= $1 AND bing_date < $2 ORDER BY id", "args": ["2026-02-01","2026-03-01"]}
2026-02-09 16:31:26	INFO	QueryContext	{"time": 1770625886, "duration": 0.527334, "conn_id": "I0wYiuIuyMSceCEe", "query": "SELECT * FROM  t_wall_image  WHERE daily_id IN ($1, $2, $3, $4, $5, $6, $7, $8, $9) ORDER BY daily_id", "args": [6241,6242,6243,6244,6245,6246,6247,6248,6249]}
2026-02-09 16:31:26	INFO	QueryContext	{"time": 1770625886, "duration": 0.386625, "conn_id": "I0wYiuIuyMSceCEe", "query": "SELECT * FROM  t_wall_note  WHERE daily_id IN ($1, $2, $3, $4, $5, $6, $7, $8, $9) ORDER BY daily_id", "args": [6241,6242,6243,6244,6245,6246,6247,6248,6249]}
2026-02-09 16:31:27	INFO	QueryContext	{"duration": 0.828875, "conn_id": "I0wYiuIuyMSceCEe", "query": "SELECT * FROM t_wall_daily WHERE bing_date >= $1 AND bing_date < $2 ORDER BY id", "args": ["2026-02-01","2026-03-01"], "time": 1770625887}
2026-02-09 16:31:27	INFO	QueryContext	{"time": 1770625887, "duration": 0.454917, "conn_id": "I0wYiuIuyMSceCEe", "query": "SELECT * FROM  t_wall_image  WHERE daily_id IN ($1, $2, $3, $4, $5, $6, $7, $8, $9) ORDER BY daily_id", "args": [6241,6242,6243,6244,6245,6246,6247,6248,6249]}
2026-02-09 16:31:27	INFO	QueryContext	{"query": "SELECT * FROM  t_wall_note  WHERE daily_id IN ($1, $2, $3, $4, $5, $6, $7, $8, $9) ORDER BY daily_id", "args": [6241,6242,6243,6244,6245,6246,6247,6248,6249], "time": 1770625887, "duration": 0.2635, "conn_id": "I0wYiuIuyMSceCEe"}
2026-02-09 16:31:49	INFO	QueryContext	{"duration": 0.889125, "conn_id": "I0wYiuIuyMSceCEe", "query": "SELECT * FROM t_wall_daily WHERE bing_date >= $1 AND bing_date < $2 ORDER BY id", "args": ["2026-02-01","2026-03-01"], "time": 1770625909}
2026-02-09 16:31:49	INFO	QueryContext	{"time": 1770625909, "duration": 0.785333, "conn_id": "I0wYiuIuyMSceCEe", "query": "SELECT * FROM  t_wall_image  WHERE daily_id IN ($1, $2, $3, $4, $5, $6, $7, $8, $9) ORDER BY daily_id", "args": [6241,6242,6243,6244,6245,6246,6247,6248,6249]}
2026-02-09 16:31:49	INFO	QueryContext	{"query": "SELECT * FROM  t_wall_note  WHERE daily_id IN ($1, $2, $3, $4, $5, $6, $7, $8, $9) ORDER BY daily_id", "args": [6241,6242,6243,6244,6245,6246,6247,6248,6249], "time": 1770625909, "duration": 0.322667, "conn_id": "I0wYiuIuyMSceCEe"}
img_height) VALUES ($1, $2, $3, $4, $5, $6, $7, $8) ON CONFLICT (id) DO NOTHING", "args": [12492,6246,"image/202602/20260206.jpg","0f92c8bda5c3416707f6cd05f24860d0",3483932,0,3840,2160]}
2026-02-09 16:31:23	INFO	ExecContext	{"conn_id": "8UCuyoI0eiOG2A66", "query": "INSERT INTO t_wall_image (id, daily_id, file_name, img_md5, img_size, img_offset, img_width, img_height) VALUES ($1, $2, $3, $4, $5, $6, $7, $8) ON CONFLICT (id) DO NOTHING", "args": [12489,6245,"thumb/2026/20260205.jpg","2517add727850bd24d6cf129fcac8c68",16638,0,400,240], "time": 1770625883, "duration": 0.332625}
2026-02-09 16:31:23	INFO	ExecContext	{"conn_id": "8UCuyoI0eiOG2A66", "query": "INSERT INTO t_wall_image (id, daily_id, file_name, img_md5, img_size, img_offset, img_width, img_height) VALUES ($1, $2, $3, $4, $5, $6, $7, $8) ON CONFLICT (id) DO NOTHING", "args": [12490,6245,"image/202602/20260205.jpg","5d07a90a6bb087ea121c3b9ff0d0b3a5",3359478,0,3840,2160], "time": 1770625883, "duration": 0.667084}
2026-02-09 16:31:23	INFO	ExecContext	{"duration": 0.262375, "conn_id": "8UCuyoI0eiOG2A66", "query": "INSERT INTO t_wall_image (id, daily_id, file_name, img_md5, img_size, img_offset, img_width, img_height) VALUES ($1, $2, $3, $4, $5, $6, $7, $8) ON CONFLICT (id) DO NOTHING", "args": [12487,6244,"thumb/2026/20260204.jpg","8136a809827ad245de67737e31124a28",14045,0,400,240], "time": 1770625883}
2026-02-09 16:31:23	INFO	ExecContext	{"query": "INSERT INTO t_wall_image (id, daily_id, file_name, img_md5, img_size, img_offset, img_width, img_height) VALUES ($1, $2, $3, $4, $5, $6, $7, $8) ON CONFLICT (id) DO NOTHING", "args": [12488,6244,"image/202602/20260204.jpg","bb6932c117a0899cff91719873c4e1f7",3528492,0,3840,2160], "time": 1770625883, "duration": 1.071958, "conn_id": "8UCuyoI0eiOG2A66"}
2026-02-09 16:31:23	INFO	ExecContext	{"time": 1770625883, "duration": 0.293958, "conn_id": "8UCuyoI0eiOG2A66", "query": "INSERT INTO t_wall_image (id, daily_id, file_name, img_md5, img_size, img_offset, img_width, img_height) VALUES ($1, $2, $3, $4, $5, $6, $7, $8) ON CONFLICT (id) DO NOTHING", "args": [12485,6243,"thumb/2026/20260203.jpg","8f58e0b54248cbd756f5851821d833ea",17118,0,400,240]}
2026-02-09 16:31:23	INFO	ExecContext	{"time": 1770625883, "duration": 0.665458, "conn_id": "8UCuyoI0eiOG2A66", "query": "INSERT INTO t_wall_image (id, daily_id, file_name, img_md5, img_size, img_offset, img_width, img_height) VALUES ($1, $2, $3, $4, $5, $6, $7, $8) ON CONFLICT (id) DO NOTHING", "args": [12486,6243,"image/202602/20260203.jpg","cd28269de13c8d65e4288614d55b72d7",3614618,0,3840,2160]}
2026-02-09 16:31:23	INFO	ExecContext	{"time": 1770625883, "duration": 0.30075, "conn_id": "8UCuyoI0eiOG2A66", "query": "INSERT INTO t_wall_image (id, daily_id, file_name, img_md5, img_size, img_offset, img_width, img_height) VALUES ($1, $2, $3, $4, $5, $6, $7, $8) ON CONFLICT (id) DO NOTHING", "args": [12483,6242,"thumb/2026/20260202.jpg","41af0bafd6c49a524cbb8079aada6b5e",20507,0,400,240]}
2026-02-09 16:31:23	INFO	ExecContext	{"time": 1770625883, "duration": 0.770708, "conn_id": "8UCuyoI0eiOG2A66", "query": "INSERT INTO t_wall_image (id, daily_id, file_name, img_md5, img_size, img_offset, img_width, img_height) VALUES ($1, $2, $3, $4, $5, $6, $7, $8) ON CONFLICT (id) DO NOTHING", "args": [12484,6242,"image/202602/20260202.jpg","cb312a083600c3a7eaf8e8a5196df5be",3331528,0,3840,2160]}
2026-02-09 16:31:23	INFO	ExecContext	{"conn_id": "8UCuyoI0eiOG2A66", "query": "UPDATE t_wall_daily SET max_dpi = $1 WHERE id IN (6249, 6248, 6247, 6246, 6245, 6244, 6243, 6242)", "args": ["3840x2160"], "time": 1770625883, "duration": 2.07575}
2026-02-09 16:31:24	INFO	QueryContext	{"args": ["2026-02-09","2026-02-08"], "time": 1770625884, "duration": 1.124041, "conn_id": "8UCuyoI0eiOG2A66", "query": "SELECT * FROM t_wall_daily WHERE bing_date IN ($1, $2)"}
2026-02-09 16:31:24	INFO	ExecContext	{"duration": 0.758125, "conn_id": "8UCuyoI0eiOG2A66", "query": "UPDATE t_wall_daily SET color = $2, guid = $1 WHERE bing_date = $3", "args": ["374008a8c5","(108, 98, 87)","2026-02-09"], "time": 1770625884}
2026-02-09 16:31:24	INFO	ExecContext	{"args": ["60cbd2f6ef","(50, 47, 67)","2026-02-08"], "time": 1770625884, "duration": 0.513417, "conn_id": "8UCuyoI0eiOG2A66", "query": "UPDATE t_wall_daily SET guid = $1, color = $2 WHERE bing_date = $3"}
2026-02-09 16:31:24	INFO	QueryContext	{"time": 1770625884, "duration": 0.547042, "conn_id": "8UCuyoI0eiOG2A66", "query": "SELECT * FROM t_wall_daily ORDER BY id DESC LIMIT $1 OFFSET $2", "args": [5,1]}
2026-02-09 16:31:24	INFO	QueryContext	{"time": 1770625884, "duration": 1.436041, "conn_id": "8UCuyoI0eiOG2A66", "query": "SELECT * FROM  t_wall_note  WHERE daily_id IN ($1, $2, $3, $4, $5) ORDER BY daily_id", "args": [6248,6247,6246,6245,6244]}
2026-02-09 16:31:29	INFO	PrepareContext	{"time": 1770625889, "duration": 0.590416, "conn_id": "8UCuyoI0eiOG2A66", "query": "INSERT INTO t_wall_note (daily_id, note_type, note_chinese, note_english) VALUES ($1, $2, $3, $4) RETURNING id", "stmt_id": "kiIkoK848KMiuOE6"}
2026-02-09 16:31:29	INFO	StmtQueryContext	{"stmt_id": "kiIkoK848KMiuOE6", "query": "INSERT INTO t_wall_note (daily_id, note_type, note_chinese, note_english) VALUES ($1, $2, $3, $4) RETURNING id", "args": [6248,"title","科孚岛的夜晚, 希腊","Corfu at night, Greece"], "time": 1770625889, "duration": 0.999458, "conn_id": "8UCuyoI0eiOG2A66"}
2026-02-09 16:31:29	INFO	StmtQueryContext	{"args": [6248,"headline","从宁静的夜晚到充满冒险的白天","From quiet nights to adventurous days"], "time": 1770625889, "duration": 0.211083, "conn_id": "8UCuyoI0eiOG2A66", "stmt_id": "kiIkoK848KMiuOE6", "query": "INSERT INTO t_wall_note (daily_id, note_type, note_chinese, note_english) VALUES ($1, $2, $3, $4) RETURNING id"}
2026-02-09 16:31:29	INFO	StmtQueryContext	{"stmt_id": "kiIkoK848KMiuOE6", "query": "INSERT INTO t_wall_note (daily_id, note_type, note_chinese, note_english) VALUES ($1, $2, $3, $4) RETURNING id", "args": [6248,"description","<p>夜幕降临，希腊科孚岛展现出一种安静却耐人\ufffd (1238 bytes truncated)","<p>The island of Corfu, Greece, meets you at night with a quiet  (1213 bytes truncated)"], "time": 1770625889, "duration": 0.646333, "conn_id": "8UCuyoI0eiOG2A66"}
